#
# A fatal error has been detected by the Java Runtime Environment:
#
#  Internal Error (jvmciRuntime.cpp:1609), pid=41, tid=61
#  fatal error: Fatal exception in JVMCI: Error calling jdk.vm.ci.services.Services.serializeSavedProperties
#
# JRE version: OpenJDK Runtime Environment GraalVM CE 22.3.0 (17.0.5+8) (build 17.0.5+8-jvmci-22.3-b08)
# Java VM: OpenJDK 64-Bit Server VM GraalVM CE 22.3.0 (17.0.5+8-jvmci-22.3-b08, mixed mode, sharing, tiered, jvmci, jvmci compiler, compressed oops, compressed class ptrs, parallel gc, linux-amd64)
# Problematic frame:
# V  [libjvm.so+0x972714]  JVMCIRuntime::fatal_exception(JVMCIEnv*, char const*)+0x74
#
# Core dump will be written. Default location: Core dumps may be processed with "/usr/share/apport/apport -p%p -s%s -c%c -d%d -P%P -u%u -g%g -- %E" (or dumping to /home/runner/projeler/core.41)
#
# If you would like to submit a bug report, please visit:
#   https://github.com/oracle/graal/issues
#

---------------  S U M M A R Y ------------

Command Line: -XX:ThreadPriorityPolicy=1 -XX:+UnlockExperimentalVMOptions -XX:+EnableJVMCIProduct -XX:JVMCIThreadsPerNativeLibraryRuntime=1 -XX:-UnlockExperimentalVMOptions -Declipse.application=org.eclipse.jdt.ls.core.id1 -Dosgi.bundles.defaultStartLevel=4 -Declipse.product=org.eclipse.jdt.ls.core.product -Dlog.level=ALL -Xverify:none -XX:+UseParallelGC -XX:GCTimeRatio=4 -XX:AdaptiveSizePolicyWeight=90 -Dsun.zip.disableMemoryMapping=true -Xmx512m -Xms100m /nix/store/a7s9klvriqi68xz3qjc0qyfl5h86xc16-jdt-language-server-1.9.0/share/java/plugins/org.eclipse.equinox.launcher_1.6.400.v20210924-0641.jar --add-modules=ALL-SYSTEM --add-opens java.base/java.util=ALL-UNNAMED --add-opens java.base/java.lang=ALL-UNNAMED -configuration /home/runner/projeler/.cache/jdt-language-server/config -data /home/runner/projeler/.cache/jdt-language-server/data/home/runner/projeler

Host: Intel(R) Xeon(R) CPU @ 2.20GHz, 8 cores, 1G, Ubuntu 20.04.2 LTS
Time: Wed Jan 10 09:38:34 2024 UTC elapsed time: 1143.295660 seconds (0d 0h 19m 3s)

---------------  T H R E A D  ---------------

Current thread (0x00007fa0d40b1c80):  JavaThread "JVMCI-native CompilerThread0" daemon [_thread_in_vm, id=61, stack(0x00007fa0ba41a000,0x00007fa0ba61a000)]


Current CompileTask:
JVMCI-native:1143295 9451       4       java.util.AbstractCollection::isEmpty (13 bytes)

Stack: [0x00007fa0ba41a000,0x00007fa0ba61a000],  sp=0x00007fa0ba618380,  free space=2040k
Native frames: (J=compiled Java code, j=interpreted, Vv=VM code, C=native code)
V  [libjvm.so+0x972714]  JVMCIRuntime::fatal_exception(JVMCIEnv*, char const*)+0x74
V  [libjvm.so+0x93e2fe]  JVMCIEnv::copy_saved_properties()+0x14e
V  [libjvm.so+0x9732a9]  JVMCIRuntime::initialize(JVMCIEnv*)+0xb19
V  [libjvm.so+0x9738a2]  JVMCIRuntime::get_HotSpotJVMCIRuntime(JVMCIEnv*)+0x12
V  [libjvm.so+0x9749f2]  JVMCIRuntime::compile_method(JVMCIEnv*, JVMCICompiler*, methodHandle const&, int)+0xd2
V  [libjvm.so+0x5b0d20]  CompileBroker::invoke_compiler_on_method(CompileTask*)+0x1470
V  [libjvm.so+0x5b12e8]  CompileBroker::compiler_thread_loop()+0x528
V  [libjvm.so+0xd82460]  JavaThread::thread_main_inner()+0xd0
V  [libjvm.so+0xd85a40]  Thread::call_run()+0xc0
V  [libjvm.so+0xbdb1e1]  thread_native_entry(Thread*)+0xe1

Register to memory mapping:

RAX=0x00007fa0da15c000 points into unknown readable memory: 0x0000000000000058 | 58 00 00 00 00 00 00 00
RBX=0x00007fa0db257398: <offset 0x0000000000ef5398> in /nix/store/gpxl5qgg8kicmcvivwmybwjlpf7wh20l-graalvm17-ce-22.3.0/lib/server/libjvm.so at 0x00007fa0da362000
RCX=0x00007fa0db20f1e8: <offset 0x0000000000ead1e8> in /nix/store/gpxl5qgg8kicmcvivwmybwjlpf7wh20l-graalvm17-ce-22.3.0/lib/server/libjvm.so at 0x00007fa0da362000
RDX=0x0000000000000649 is an unknown value
RSP=0x00007fa0ba618380 is pointing into the stack for thread: 0x00007fa0d40b1c80
RBP=0x00007fa0ba6183a0 is pointing into the stack for thread: 0x00007fa0d40b1c80
RSI=0x00007fa0db257c48: <offset 0x0000000000ef5c48> in /nix/store/gpxl5qgg8kicmcvivwmybwjlpf7wh20l-graalvm17-ce-22.3.0/lib/server/libjvm.so at 0x00007fa0da362000
RDI=0x00000000e0000000 is an oop: java.util.LinkedHashMap$Entry 
{0x00000000e0000000} - klass: 'java/util/LinkedHashMap$Entry'
 - ---- fields (total size 5 words):
 - final 'hash' 'I' @12  -2034522908 (86bba4e4)
 - final 'key' 'Ljava/lang/Object;' @16  a 'java/util/jar/Attributes$Name'{0x00000000e05e92c8} (e05e92c8)
 - 'value' 'Ljava/lang/Object;' @20  "ULYY6/Io39k5Uwm/4g2FjTkmgpdO1SgdL8DpDWZ5uNA="{0x00000000e0000028} (e0000028)
 - 'next' 'Ljava/util/HashMap$Node;' @24  NULL (0)
 - 'before' 'Ljava/util/LinkedHashMap$Entry;' @28  NULL (0)
 - 'after' 'Ljava/util/LinkedHashMap$Entry;' @32  NULL (0)
R8 =0x00007fa0db257398: <offset 0x0000000000ef5398> in /nix/store/gpxl5qgg8kicmcvivwmybwjlpf7wh20l-graalvm17-ce-22.3.0/lib/server/libjvm.so at 0x00007fa0da362000
R9 =0x00007fa0ba618330 is pointing into the stack for thread: 0x00007fa0d40b1c80
R10=0x00007fa0ba619948 is pointing into the stack for thread: 0x00007fa0d40b1c80
R11=0x0000000000000293 is an unknown value
R12=0x0 is NULL
R13=0x00007fa0d40b1c80 is a thread
R14=0x00007fa0d4000b80 points into unknown readable memory: 0x00007fa0db488a38 | 38 8a 48 db a0 7f 00 00
R15=0x00007fa0db596e40: <offset 0x0000000001234e40> in /nix/store/gpxl5qgg8kicmcvivwmybwjlpf7wh20l-graalvm17-ce-22.3.0/lib/server/libjvm.so at 0x00007fa0da362000


Registers:
RAX=0x00007fa0da15c000, RBX=0x00007fa0db257398, RCX=0x00007fa0db20f1e8, RDX=0x0000000000000649
RSP=0x00007fa0ba618380, RBP=0x00007fa0ba6183a0, RSI=0x00007fa0db257c48, RDI=0x00000000e0000000
R8 =0x00007fa0db257398, R9 =0x00007fa0ba618330, R10=0x00007fa0ba619948, R11=0x0000000000000293
R12=0x0000000000000000, R13=0x00007fa0d40b1c80, R14=0x00007fa0d4000b80, R15=0x00007fa0db596e40
RIP=0x00007fa0dacd4714, EFLAGS=0x0000000000010206, CSGSFS=0x002b000000000033, ERR=0x0000000000000006
  TRAPNO=0x000000000000000e

Top of Stack: (sp=0x00007fa0ba618380)
0x00007fa0ba618380:   00007fa0ba618940 00007fa0d40b1c80
0x00007fa0ba618390:   00007fa0d8aed8c8 0000000800c417a0
0x00007fa0ba6183a0:   00007fa0ba618500 00007fa0daca02fe
0x00007fa0ba6183b0:   00007fa0ba6183e0 00007fa0ba618440 

Instructions: (pc=0x00007fa0dacd4714)
0x00007fa0dacd4614:   30 e8 f6 cf e8 ff 4c 89 e7 e8 2e 48 d1 ff 84 db
0x00007fa0dacd4624:   75 2a 4d 85 ed 74 04 4d 8b 6d 00 48 83 c4 08 44
0x00007fa0dacd4634:   89 f9 4c 89 f2 4c 89 ee 5b 4c 89 e7 41 5c 41 5d
0x00007fa0dacd4644:   41 5e 41 5f 5d e9 e2 47 d1 ff 66 90 48 83 c4 08
0x00007fa0dacd4654:   5b 41 5c 41 5d 41 5e 41 5f 5d c3 90 31 d2 be 08
0x00007fa0dacd4664:   00 00 00 4c 89 ff e8 b1 78 a3 ff 49 89 c5 e9 37
0x00007fa0dacd4674:   ff ff ff 66 0f 1f 84 00 00 00 00 00 48 8b 7a 08
0x00007fa0dacd4684:   e9 6d ff ff ff 0f 1f 80 00 00 00 00 e8 5b 48 0a
0x00007fa0dacd4694:   00 84 c0 75 89 e9 6a ff ff ff 66 90 55 48 89 e5
0x00007fa0dacd46a4:   41 56 41 55 41 54 49 89 fc 53 48 89 f3 66 48 8d
0x00007fa0dacd46b4:   3d 27 5e 85 00 66 66 48 e8 df 43 8d ff 4c 8b 28
0x00007fa0dacd46c4:   8b 05 be 72 8a 00 85 c0 75 14 ba 01 00 00 00 48
0x00007fa0dacd46d4:   8d 0d ae 72 8a 00 f0 0f b1 11 85 c0 74 4e be c8
0x00007fa0dacd46e4:   00 00 00 4c 89 ef e8 01 0b 41 00 48 8d 05 12 ac
0x00007fa0dacd46f4:   85 00 49 89 d8 48 8d 0d e8 aa 53 00 ba 49 06 00
0x00007fa0dacd4704:   00 48 8d 35 3c 35 58 00 bf 00 00 00 e0 48 8b 00
0x00007fa0dacd4714:   c6 00 58 31 c0 e8 e2 91 c6 ff 5b 41 5c 41 5d 41
0x00007fa0dacd4724:   5e 5d e9 55 34 26 00 0f 1f 44 00 00 48 8d 05 81
0x00007fa0dacd4734:   a3 8b 00 48 89 df 4c 8b 30 e8 9e 43 8d ff 48 89
0x00007fa0dacd4744:   de 48 89 c2 49 8b 06 4c 89 f7 ff 50 08 4c 89 f7
0x00007fa0dacd4754:   e8 a7 5c 27 00 4d 85 e4 74 12 be 01 00 00 00 4c
0x00007fa0dacd4764:   89 e7 e8 35 43 fc ff eb 82 0f 1f 00 be 01 00 00
0x00007fa0dacd4774:   00 4c 89 ef e8 d3 fd ff ff e9 6d ff ff ff 66 66
0x00007fa0dacd4784:   2e 0f 1f 84 00 00 00 00 00 0f 1f 00 55 48 89 e5
0x00007fa0dacd4794:   41 57 41 56 41 55 41 54 53 48 81 ec 08 02 00 00
0x00007fa0dacd47a4:   64 48 8b 04 25 28 00 00 00 48 89 45 c8 8b 07 83
0x00007fa0dacd47b4:   f8 02 0f 84 11 04 00 00 4c 8b 6f 18 49 89 ff 49
0x00007fa0dacd47c4:   89 f4 4d 85 ed 74 14 4c 89 ef e8 5d 57 22 00 41
0x00007fa0dacd47d4:   8b 07 83 f8 02 0f 84 19 04 00 00 48 8d 1d 9a 06
0x00007fa0dacd47e4:   8a 00 4c 8d 35 0b 3c 58 00 eb 38 90 48 85 d2 7f
0x00007fa0dacd47f4:   0d 48 8d 05 b4 c0 85 00 48 83 38 00 7e 0e 41 8b
0x00007fa0dacd4804:   77 2c 4c 89 f7 31 c0 e8 a0 b2 f7 ff 49 8b 7f 18 


Stack slot to memory mapping:
stack at sp + 0 slots: 0x00007fa0ba618940 is pointing into the stack for thread: 0x00007fa0d40b1c80
stack at sp + 1 slots: 0x00007fa0d40b1c80 is a thread
stack at sp + 2 slots: 0x00007fa0d8aed8c8 points into unknown readable memory: 0x65730018052dffff | ff ff 2d 05 18 00 73 65
stack at sp + 3 slots: 0x0000000800c417a0 is a pointer to class: 
jdk.vm.ci.services.Services {0x0000000800c417a0}
 - instance size:     2
 - klass size:        65
 - access:            public final synchronized 
 - state:             fully_initialized
 - name:              'jdk/vm/ci/services/Services'
 - super:             'java/lang/Object'
 - sub:               
 - arrays:            NULL
 - methods:           Array<T>(0x00007fa0bac42eb0)
 - method ordering:   Array<T>(0x0000000800928960)
 - default_methods:   Array<T>(0x0000000000000000)
 - local interfaces:  Array<T>(0x00000008005ce810)
 - trans. interfaces: Array<T>(0x00000008005ce810)
 - constants:         constant pool [427] {0x00007fa0bac41f90} for 'jdk/vm/ci/services/Services' cache=0x00007fa0bac44180
 - class loader data:  loader data: 0x00007fa0d4027d10 of 'bootstrap'
 - source file:       'Services.java'
 - class annotations:       Array<T>(0x0000000000000000)
 - class type annotations:  Array<T>(0x0000000000000000)
 - field annotations:       Array<T>(0x0000000000000000)
 - field type annotations:  Array<T>(0x0000000000000000)
 - inner classes:     Array<T>(0x00007fa0bac44150)
 - nest members:     Array<T>(0x00007fa0bac44170)
 - permitted subclasses:     Array<T>(0x00000008005ce7a0)
 - java mirror:       a 'java/lang/Class'{0x00000000e02abdf8} = 'jdk/vm/ci/services/Services'
 - vtable length      5  (start addr: 0x0000000800c41970)
 - itable length      2 (start addr: 0x0000000800c41998)
 - ---- static fields (3 words):
 - public static final 'IS_BUILDING_NATIVE_IMAGE' 'Z' @128 
 - public static final 'IS_IN_NATIVE_IMAGE' 'Z' @129 
 - private static volatile 'savedProperties' 'Ljava/util/Map;' @112 
 - static final 'JVMCI_ENABLED' 'Z' @130 
 - private static final 'servicesCache' 'Ljava/util/Map;' @116 
 - private static final 'MAX_UNICODE_IN_UTF8_LENGTH' 'I' @120 
 - private static final 'MAX_UTF8_PROPERTY_STRING_LENGTH' 'I' @124 
 - ---- non-static fields (0 words):
 - non-static oop maps: 
stack at sp + 4 slots: 0x00007fa0ba618500 is pointing into the stack for thread: 0x00007fa0d40b1c80
stack at sp + 5 slots: 0x00007fa0daca02fe: <offset 0x000000000093e2fe> in /nix/store/gpxl5qgg8kicmcvivwmybwjlpf7wh20l-graalvm17-ce-22.3.0/lib/server/libjvm.so at 0x00007fa0da362000
stack at sp + 6 slots: 0x00007fa0ba6183e0 is pointing into the stack for thread: 0x00007fa0d40b1c80
stack at sp + 7 slots: 0x00007fa0ba618440 is pointing into the stack for thread: 0x00007fa0d40b1c80


---------------  P R O C E S S  ---------------

Threads class SMR info:
_java_thread_list=0x00007fa0580179d0, length=28, elements={
0x00007fa0d4025fb0, 0x00007fa0d40a5f50, 0x00007fa0d40a7390, 0x00007fa0d40adaf0,
0x00007fa0d40aeea0, 0x00007fa0d40b0290, 0x00007fa0d40b1c80, 0x00007fa0d40b3190,
0x00007fa0d40b45e0, 0x00007fa0d40dfe40, 0x00007fa0d4127cc0, 0x00007fa0d42ee760,
0x00007fa0d4336940, 0x00007fa0d43399a0, 0x00007fa068032e90, 0x00007fa068424380,
0x00007fa068485c90, 0x00007fa06860be20, 0x00007fa0687647d0, 0x00007fa0d4366050,
0x00007fa0d43fb200, 0x00007fa05c001210, 0x00007fa044000ff0, 0x00007fa060155470,
0x00007fa0601b25b0, 0x00007fa0601ae640, 0x00007fa06012ad60, 0x00007fa0580010d0
}

Java Threads: ( => current thread )
  0x00007fa0d4025fb0 JavaThread "main" [_thread_blocked, id=48, stack(0x00007fa0da17d000,0x00007fa0da27d000)]
  0x00007fa0d40a5f50 JavaThread "Reference Handler" daemon [_thread_blocked, id=56, stack(0x00007fa0d8194000,0x00007fa0d8294000)]
  0x00007fa0d40a7390 JavaThread "Finalizer" daemon [_thread_blocked, id=57, stack(0x00007fa0d8094000,0x00007fa0d8194000)]
  0x00007fa0d40adaf0 JavaThread "Signal Dispatcher" daemon [_thread_blocked, id=58, stack(0x00007fa0ba81a000,0x00007fa0ba91a000)]
  0x00007fa0d40aeea0 JavaThread "Service Thread" daemon [_thread_blocked, id=59, stack(0x00007fa0ba71a000,0x00007fa0ba81a000)]
  0x00007fa0d40b0290 JavaThread "Monitor Deflation Thread" daemon [_thread_blocked, id=60, stack(0x00007fa0ba61a000,0x00007fa0ba71a000)]
=>0x00007fa0d40b1c80 JavaThread "JVMCI-native CompilerThread0" daemon [_thread_in_vm, id=61, stack(0x00007fa0ba41a000,0x00007fa0ba61a000)]
  0x00007fa0d40b3190 JavaThread "C1 CompilerThread0" daemon [_thread_blocked, id=62, stack(0x00007fa0ba21a000,0x00007fa0ba41a000)]
  0x00007fa0d40b45e0 JavaThread "Sweeper thread" daemon [_thread_blocked, id=63, stack(0x00007fa0ba11a000,0x00007fa0ba21a000)]
  0x00007fa0d40dfe40 JavaThread "Common-Cleaner" daemon [_thread_blocked, id=64, stack(0x00007fa0ba01a000,0x00007fa0ba11a000)]
  0x00007fa0d4127cc0 JavaThread "Notification Thread" daemon [_thread_blocked, id=66, stack(0x00007fa0b9f1a000,0x00007fa0ba01a000)]
  0x00007fa0d42ee760 JavaThread "Active Thread: Equinox Container: 85697fd4-06f6-4e99-acf5-55a7b976740e" [_thread_blocked, id=78, stack(0x00007fa0b8b00000,0x00007fa0b8c00000)]
  0x00007fa0d4336940 JavaThread "Framework Event Dispatcher: Equinox Container: 85697fd4-06f6-4e99-acf5-55a7b976740e" daemon [_thread_blocked, id=86, stack(0x00007fa0b8900000,0x00007fa0b8a00000)]
  0x00007fa0d43399a0 JavaThread "Start Level: Equinox Container: 85697fd4-06f6-4e99-acf5-55a7b976740e" daemon [_thread_blocked, id=87, stack(0x00007fa0b8700000,0x00007fa0b8800000)]
  0x00007fa068032e90 JavaThread "SCR Component Actor" daemon [_thread_blocked, id=88, stack(0x00007fa0b8500000,0x00007fa0b8600000)]
  0x00007fa068424380 JavaThread "Worker-JM" [_thread_blocked, id=96, stack(0x00007fa0b8100000,0x00007fa0b8200000)]
  0x00007fa068485c90 JavaThread "Worker-0: Periodic workspace save." [_thread_blocked, id=97, stack(0x00007fa081b00000,0x00007fa081c00000)]
  0x00007fa06860be20 JavaThread "Java indexing" daemon [_thread_blocked, id=102, stack(0x00007fa081700000,0x00007fa081800000)]
  0x00007fa0687647d0 JavaThread "Bundle File Closer" daemon [_thread_blocked, id=107, stack(0x00007fa081300000,0x00007fa081400000)]
  0x00007fa0d4366050 JavaThread "pool-3-thread-1" [_thread_blocked, id=108, stack(0x00007fa081100000,0x00007fa081200000)]
  0x00007fa0d43fb200 JavaThread "pool-2-thread-1" [_thread_blocked, id=115, stack(0x00007fa0b8300000,0x00007fa0b8400000)]
  0x00007fa05c001210 JavaThread "Worker-3: Java indexing... " [_thread_blocked, id=116, stack(0x00007fa080f00000,0x00007fa081000000)]
  0x00007fa044000ff0 JavaThread "Worker-5: Compacting resource model" [_thread_blocked, id=151, stack(0x00007fa0b8400000,0x00007fa0b8500000)]
  0x00007fa060155470 JavaThread "Thread-6" [_thread_blocked, id=256, stack(0x00007fa0b9a00000,0x00007fa0b9b00000)]
  0x00007fa0601b25b0 JavaThread "Thread-28" [_thread_blocked, id=523, stack(0x00007fa080b00000,0x00007fa080c00000)]
  0x00007fa0601ae640 JavaThread "Thread-29" [_thread_blocked, id=524, stack(0x00007fa080900000,0x00007fa080a00000)]
  0x00007fa06012ad60 JavaThread "Thread-37" [_thread_blocked, id=1023, stack(0x00007fa081900000,0x00007fa081a00000)]
  0x00007fa0580010d0 JavaThread "Worker-6" [_thread_blocked, id=2715, stack(0x00007fa080d00000,0x00007fa080e00000)]

Other Threads:
  0x00007fa0d40a1690 VMThread "VM Thread" [stack: 0x00007fa0d8296000,0x00007fa0d8396000] [id=53] _threads_hazard_ptr=0x00007fa0580179d0
  0x00007fa0d4129660 WatcherThread [stack: 0x00007fa0b9e1a000,0x00007fa0b9f1a000] [id=67]
  0x00007fa0d403d8b0 GCTaskThread "GC Thread#0" [stack: 0x00007fa0d9d40000,0x00007fa0d9e40000] [id=49]

Threads with active compile tasks:
JVMCI-native CompilerThread0  1143514 9451       4       java.util.AbstractCollection::isEmpty (13 bytes)

VM state: synchronizing (normal execution)

VM Mutex/Monitor currently owned by a thread:  ([mutex/lock_event])
[0x00007fa0d4023100] Threads_lock - owner thread: 0x00007fa0d40a1690
[0x00007fa0d40238b0] Heap_lock - owner thread: 0x00007fa068485c90

OutOfMemory and StackOverflow Exception counts:
OutOfMemoryError java_heap_errors=5
LinkageErrors=43

Heap address: 0x00000000e0000000, size: 512 MB, Compressed Oops mode: 32-bit

CDS archive(s) mapped at: [0x0000000800000000-0x0000000800bc8000-0x0000000800bc8000), size 12353536, SharedBaseAddress: 0x0000000800000000, ArchiveRelocationMode: 0.
Compressed class space mapped at: 0x0000000800c00000-0x0000000840c00000, reserved size: 1073741824
Narrow klass base: 0x0000000800000000, Narrow klass shift: 0, Narrow klass range: 0x100000000

GC Precious Log:
 CPUs: 8 total, 1 available
 Memory: 1024M
 Large Page Support: Disabled
 NUMA Support: Disabled
 Compressed Oops: Enabled (32-bit)
 Alignments: Space 512K, Generation 512K, Heap 2M
 Heap Min Capacity: 100M
 Heap Initial Capacity: 100M
 Heap Max Capacity: 512M
 Pre-touch: Disabled
 Parallel Workers: 1

Heap:
 PSYoungGen      total 86528K, used 52735K [0x00000000f5580000, 0x00000000fcd00000, 0x0000000100000000)
  eden space 52736K, 99% used [0x00000000f5580000,0x00000000f88ffff8,0x00000000f8900000)
  from space 33792K, 0% used [0x00000000faa00000,0x00000000faa00000,0x00000000fcb00000)
  to   space 33792K, 0% used [0x00000000f8900000,0x00000000f8900000,0x00000000faa00000)
 ParOldGen       total 349696K, used 349696K [0x00000000e0000000, 0x00000000f5580000, 0x00000000f5580000)
  object space 349696K, 100% used [0x00000000e0000000,0x00000000f5580000,0x00000000f5580000)
 Metaspace       used 58378K, committed 59200K, reserved 1105920K
  class space    used 5701K, committed 6080K, reserved 1048576K

Card table byte_map: [0x00007fa0d9e40000,0x00007fa0d9f41000] _byte_map_base: 0x00007fa0d9740000

Marking Bits: (ParMarkBitMap*) 0x00007fa0db5904c0
 Begin Bits: [0x00007fa0d8c93000, 0x00007fa0d9493000)
 End Bits:   [0x00007fa0d9493000, 0x00007fa0d9c93000)

Polling page: 0x00007fa0da15a000

Metaspace:

Usage:
  Non-class:     51.44 MB used.
      Class:      5.57 MB used.
       Both:     57.01 MB used.

Virtual space:
  Non-class space:       56.00 MB reserved,      51.88 MB ( 93%) committed,  7 nodes.
      Class space:        1.00 GB reserved,       5.94 MB ( <1%) committed,  1 nodes.
             Both:        1.05 GB reserved,      57.81 MB (  5%) committed. 

Chunk freelists:
   Non-Class:  3.35 MB
       Class:  2.05 MB
        Both:  5.40 MB

MaxMetaspaceSize: unlimited
CompressedClassSpaceSize: 1.00 GB
Initial GC threshold: 21.00 MB
Current GC threshold: 96.38 MB
CDS: on
MetaspaceReclaimPolicy: balanced
 - commit_granule_bytes: 65536.
 - commit_granule_words: 8192.
 - virtual_space_node_default_size: 1048576.
 - enlarge_chunks_in_place: 1.
 - new_chunks_are_fully_committed: 0.
 - uncommit_free_chunks: 1.
 - use_allocation_guard: 0.
 - handle_deallocations: 1.


Internal statistics:

num_allocs_failed_limit: 10.
num_arena_births: 354.
num_arena_deaths: 68.
num_vsnodes_births: 8.
num_vsnodes_deaths: 0.
num_space_committed: 923.
num_space_uncommitted: 0.
num_chunks_returned_to_freelist: 96.
num_chunks_taken_from_freelist: 2575.
num_chunk_merges: 35.
num_chunk_splits: 1684.
num_chunks_enlarged: 1074.
num_purges: 10.
num_inconsistent_stats: 0.

CodeHeap 'non-profiled nmethods': size=120036Kb used=2759Kb max_used=2759Kb free=117276Kb
 bounds [0x00007fa0c2f7a000, 0x00007fa0c323a000, 0x00007fa0ca4b3000]
CodeHeap 'profiled nmethods': size=120032Kb used=16201Kb max_used=16201Kb free=103830Kb
 bounds [0x00007fa0bba42000, 0x00007fa0bca22000, 0x00007fa0c2f7a000]
CodeHeap 'non-nmethods': size=5692Kb used=1401Kb max_used=1420Kb free=4290Kb
 bounds [0x00007fa0bb4b3000, 0x00007fa0bb723000, 0x00007fa0bba42000]
 total_blobs=7702 nmethods=6968 adapters=624
 compilation: enabled
              stopped_count=0, restarted_count=0
 full_count=0

JVMCI Events (20 events):
Event: 680.301 Thread 0x00007fa0d40b1c80 compacted oop handles in JVMCI runtime 0 from 84 to 83
Event: 680.306 Thread 0x00007fa0d40b1c80 compacted oop handles in JVMCI runtime 0 from 90 to 89
Event: 701.106 Thread 0x00007fa0d40b1c80 compacted oop handles in JVMCI runtime 0 from 97 to 93
Event: 701.107 Thread 0x00007fa0d40b1c80 compacted oop handles in JVMCI runtime 0 from 97 to 94
Event: 713.153 Thread 0x00007fa0d40b1c80 compacted oop handles in JVMCI runtime 0 from 135 to 129
Event: 713.154 Thread 0x00007fa0d40b1c80 compacted oop handles in JVMCI runtime 0 from 130 to 88
Event: 742.835 Thread 0x00007fa0d40b1c80 compacted oop handles in JVMCI runtime 0 from 112 to 102
Event: 769.015 Thread 0x00007fa0d40b1c80 compacted oop handles in JVMCI runtime 0 from 120 to 69
Event: 795.529 Thread 0x00007fa0d40b1c80 compacted oop handles in JVMCI runtime 0 from 84 to 81
Event: 797.998 Thread 0x00007fa0d40b1c80 detaching from JVMCI runtime 0: releasing idle compiler thread (0 other threads still attached)
Event: 797.998 Thread 0x00007fa0d40b1c80 shutting down HotSpotJVMCIRuntime for JVMCI runtime 0
Event: 797.998 Thread 0x00007fa0d40b1c80 shut down JVMCI runtime 0
Event: 798.004 Thread 0x00007fa0d40b1c80 destroyed JavaVM[3]@0x00007fa08039e340 for JVMCI runtime 0
Event: 798.004 Thread 0x00007fa0d40b1c80 compacted oop handles in JVMCI runtime 0 from 89 to 89
Event: 798.004 Thread 0x00007fa0d40b1c80 releasing handles for JVMCI runtime 0: oop handles=89, metadata handles={total=1344, live=881, blocks=42}
Event: 798.004 Thread 0x00007fa0d40b1c80 detached from JVMCI runtime 0
Event: 1033.863 Thread 0x00007fa0d40b1c80 attached to JVMCI runtime 0
Event: 1033.866 Thread 0x00007fa0d40b1c80 created JavaVM[4]@0x00007fa08039e340 for JVMCI runtime 0
Event: 1033.866 Thread 0x00007fa0d40b1c80 initializing JVMCI runtime 0
Event: 1033.866 Thread 0x00007fa0d40b1c80 done waiting for JavaVM references initialization in JVMCI runtime 0

Compilation events (20 events):
Event: 1024.100 Thread 0x00007fa0d40b3190 nmethod 9449 0x00007fa0bca0c790 code [0x00007fa0bca0caa0, 0x00007fa0bca0f4e0]
Event: 1026.429 Thread 0x00007fa0d40b3190 9450       3       java.util.concurrent.ThreadPoolExecutor::isShutdown (12 bytes)
Event: 1026.429 Thread 0x00007fa0d40b3190 nmethod 9450 0x00007fa0bca0fc10 code [0x00007fa0bca0fdc0, 0x00007fa0bca0ffb0]
Event: 1033.863 Thread 0x00007fa0d40b1c80 9451       4       java.util.AbstractCollection::isEmpty (13 bytes)
Event: 1036.247 Thread 0x00007fa0d40b3190 9452       3       org.eclipse.core.internal.jobs.InternalJob::isConflicting (52 bytes)
Event: 1036.247 Thread 0x00007fa0d40b3190 nmethod 9452 0x00007fa0bca10090 code [0x00007fa0bca10280, 0x00007fa0bca10b40]
Event: 1036.247 Thread 0x00007fa0d40b3190 9453       3       java.util.concurrent.ScheduledThreadPoolExecutor::canRunInCurrentRunState (61 bytes)
Event: 1036.248 Thread 0x00007fa0d40b3190 nmethod 9453 0x00007fa0bca10c90 code [0x00007fa0bca10ea0, 0x00007fa0bca11940]
Event: 1059.329 Thread 0x00007fa0d40b3190 9454       3       java.io.DataOutputStream::writeUTF (7 bytes)
Event: 1059.329 Thread 0x00007fa0d40b3190 nmethod 9454 0x00007fa0bca11b90 code [0x00007fa0bca11d40, 0x00007fa0bca11e80]
Event: 1059.329 Thread 0x00007fa0d40b3190 9455  s    3       java.io.DataOutputStream::write (16 bytes)
Event: 1059.331 Thread 0x00007fa0d40b3190 nmethod 9455 0x00007fa0bca11f10 code [0x00007fa0bca120c0, 0x00007fa0bca12560]
Event: 1084.518 Thread 0x00007fa0d40b3190 9456       3       org.eclipse.core.internal.dtree.DeltaDataTree::hasAncestor (23 bytes)
Event: 1091.496 Thread 0x00007fa0d40b3190 nmethod 9456 0x00007fa0bca12690 code [0x00007fa0bca12840, 0x00007fa0bca12ab0]
Event: 1091.498 Thread 0x00007fa0d40b3190 9457       3       org.eclipse.core.internal.resources.MarkerManager::resetMarkerDeltas (14 bytes)
Event: 1091.498 Thread 0x00007fa0d40b3190 nmethod 9457 0x00007fa0bca12b90 code [0x00007fa0bca12d40, 0x00007fa0bca12ea0]
Event: 1091.498 Thread 0x00007fa0d40b3190 9458       3       org.eclipse.core.internal.resources.MarkerDeltaManager::resetDeltas (164 bytes)
Event: 1091.499 Thread 0x00007fa0d40b3190 nmethod 9458 0x00007fa0bca12f90 code [0x00007fa0bca131c0, 0x00007fa0bca13dd0]
Event: 1094.811 Thread 0x00007fa0d40b3190 9459       3       org.eclipse.core.runtime.Status::matches (13 bytes)
Event: 1094.811 Thread 0x00007fa0d40b3190 nmethod 9459 0x00007fa0bca14110 code [0x00007fa0bca142c0, 0x00007fa0bca14430]

GC Heap History (20 events):
Event: 1118.137 GC heap before
{Heap before GC invocations=474 (full 402):
 PSYoungGen      total 86528K, used 52736K [0x00000000f5580000, 0x00000000fcd00000, 0x0000000100000000)
  eden space 52736K, 100% used [0x00000000f5580000,0x00000000f8900000,0x00000000f8900000)
  from space 33792K, 0% used [0x00000000faa00000,0x00000000faa00000,0x00000000fcb00000)
  to   space 33792K, 0% used [0x00000000f8900000,0x00000000f8900000,0x00000000faa00000)
 ParOldGen       total 349696K, used 349695K [0x00000000e0000000, 0x00000000f5580000, 0x00000000f5580000)
  object space 349696K, 99% used [0x00000000e0000000,0x00000000f557fd08,0x00000000f5580000)
 Metaspace       used 58378K, committed 59200K, reserved 1105920K
  class space    used 5701K, committed 6080K, reserved 1048576K
}
Event: 1120.410 GC heap after
{Heap after GC invocations=474 (full 402):
 PSYoungGen      total 86528K, used 52735K [0x00000000f5580000, 0x00000000fcd00000, 0x0000000100000000)
  eden space 52736K, 99% used [0x00000000f5580000,0x00000000f88ffed8,0x00000000f8900000)
  from space 33792K, 0% used [0x00000000f8900000,0x00000000f8900000,0x00000000faa00000)
  to   space 33792K, 0% used [0x00000000faa00000,0x00000000faa00000,0x00000000fcb00000)
 ParOldGen       total 349696K, used 349695K [0x00000000e0000000, 0x00000000f5580000, 0x00000000f5580000)
  object space 349696K, 99% used [0x00000000e0000000,0x00000000f557fce8,0x00000000f5580000)
 Metaspace       used 58378K, committed 59200K, reserved 1105920K
  class space    used 5701K, committed 6080K, reserved 1048576K
}
Event: 1120.410 GC heap before
{Heap before GC invocations=475 (full 403):
 PSYoungGen      total 86528K, used 52735K [0x00000000f5580000, 0x00000000fcd00000, 0x0000000100000000)
  eden space 52736K, 99% used [0x00000000f5580000,0x00000000f88ffff8,0x00000000f8900000)
  from space 33792K, 0% used [0x00000000f8900000,0x00000000f8900000,0x00000000faa00000)
  to   space 33792K, 0% used [0x00000000faa00000,0x00000000faa00000,0x00000000fcb00000)
 ParOldGen       total 349696K, used 349695K [0x00000000e0000000, 0x00000000f5580000, 0x00000000f5580000)
  object space 349696K, 99% used [0x00000000e0000000,0x00000000f557fce8,0x00000000f5580000)
 Metaspace       used 58378K, committed 59200K, reserved 1105920K
  class space    used 5701K, committed 6080K, reserved 1048576K
}
Event: 1122.764 GC heap after
{Heap after GC invocations=475 (full 403):
 PSYoungGen      total 86528K, used 52735K [0x00000000f5580000, 0x00000000fcd00000, 0x0000000100000000)
  eden space 52736K, 99% used [0x00000000f5580000,0x00000000f88ffff8,0x00000000f8900000)
  from space 33792K, 0% used [0x00000000faa00000,0x00000000faa00000,0x00000000fcb00000)
  to   space 33792K, 0% used [0x00000000f8900000,0x00000000f8900000,0x00000000faa00000)
 ParOldGen       total 349696K, used 349695K [0x00000000e0000000, 0x00000000f5580000, 0x00000000f5580000)
  object space 349696K, 99% used [0x00000000e0000000,0x00000000f557fce8,0x00000000f5580000)
 Metaspace       used 58378K, committed 59200K, reserved 1105920K
  class space    used 5701K, committed 6080K, reserved 1048576K
}
Event: 1122.764 GC heap before
{Heap before GC invocations=476 (full 404):
 PSYoungGen      total 86528K, used 52735K [0x00000000f5580000, 0x00000000fcd00000, 0x0000000100000000)
  eden space 52736K, 99% used [0x00000000f5580000,0x00000000f88ffff8,0x00000000f8900000)
  from space 33792K, 0% used [0x00000000faa00000,0x00000000faa00000,0x00000000fcb00000)
  to   space 33792K, 0% used [0x00000000f8900000,0x00000000f8900000,0x00000000faa00000)
 ParOldGen       total 349696K, used 349695K [0x00000000e0000000, 0x00000000f5580000, 0x00000000f5580000)
  object space 349696K, 99% used [0x00000000e0000000,0x00000000f557fff0,0x00000000f5580000)
 Metaspace       used 58378K, committed 59200K, reserved 1105920K
  class space    used 5701K, committed 6080K, reserved 1048576K
}
Event: 1125.032 GC heap after
{Heap after GC invocations=476 (full 404):
 PSYoungGen      total 86528K, used 52735K [0x00000000f5580000, 0x00000000fcd00000, 0x0000000100000000)
  eden space 52736K, 99% used [0x00000000f5580000,0x00000000f88fff68,0x00000000f8900000)
  from space 33792K, 0% used [0x00000000f8900000,0x00000000f8900000,0x00000000faa00000)
  to   space 33792K, 0% used [0x00000000faa00000,0x00000000faa00000,0x00000000fcb00000)
 ParOldGen       total 349696K, used 349695K [0x00000000e0000000, 0x00000000f5580000, 0x00000000f5580000)
  object space 349696K, 99% used [0x00000000e0000000,0x00000000f557fff0,0x00000000f5580000)
 Metaspace       used 58378K, committed 59200K, reserved 1105920K
  class space    used 5701K, committed 6080K, reserved 1048576K
}
Event: 1125.032 GC heap before
{Heap before GC invocations=477 (full 405):
 PSYoungGen      total 86528K, used 52735K [0x00000000f5580000, 0x00000000fcd00000, 0x0000000100000000)
  eden space 52736K, 99% used [0x00000000f5580000,0x00000000f88fffe8,0x00000000f8900000)
  from space 33792K, 0% used [0x00000000f8900000,0x00000000f8900000,0x00000000faa00000)
  to   space 33792K, 0% used [0x00000000faa00000,0x00000000faa00000,0x00000000fcb00000)
 ParOldGen       total 349696K, used 349695K [0x00000000e0000000, 0x00000000f5580000, 0x00000000f5580000)
  object space 349696K, 99% used [0x00000000e0000000,0x00000000f557fff0,0x00000000f5580000)
 Metaspace       used 58378K, committed 59200K, reserved 1105920K
  class space    used 5701K, committed 6080K, reserved 1048576K
}
Event: 1127.403 GC heap after
{Heap after GC invocations=477 (full 405):
 PSYoungGen      total 86528K, used 52735K [0x00000000f5580000, 0x00000000fcd00000, 0x0000000100000000)
  eden space 52736K, 99% used [0x00000000f5580000,0x00000000f88fffb0,0x00000000f8900000)
  from space 33792K, 0% used [0x00000000faa00000,0x00000000faa00000,0x00000000fcb00000)
  to   space 33792K, 0% used [0x00000000f8900000,0x00000000f8900000,0x00000000faa00000)
 ParOldGen       total 349696K, used 349695K [0x00000000e0000000, 0x00000000f5580000, 0x00000000f5580000)
  object space 349696K, 99% used [0x00000000e0000000,0x00000000f557fff0,0x00000000f5580000)
 Metaspace       used 58378K, committed 59200K, reserved 1105920K
  class space    used 5701K, committed 6080K, reserved 1048576K
}
Event: 1127.404 GC heap before
{Heap before GC invocations=478 (full 406):
 PSYoungGen      total 86528K, used 52735K [0x00000000f5580000, 0x00000000fcd00000, 0x0000000100000000)
  eden space 52736K, 99% used [0x00000000f5580000,0x00000000f88ffff8,0x00000000f8900000)
  from space 33792K, 0% used [0x00000000faa00000,0x00000000faa00000,0x00000000fcb00000)
  to   space 33792K, 0% used [0x00000000f8900000,0x00000000f8900000,0x00000000faa00000)
 ParOldGen       total 349696K, used 349695K [0x00000000e0000000, 0x00000000f5580000, 0x00000000f5580000)
  object space 349696K, 99% used [0x00000000e0000000,0x00000000f557fff0,0x00000000f5580000)
 Metaspace       used 58378K, committed 59200K, reserved 1105920K
  class space    used 5701K, committed 6080K, reserved 1048576K
}
Event: 1129.745 GC heap after
{Heap after GC invocations=478 (full 406):
 PSYoungGen      total 86528K, used 52735K [0x00000000f5580000, 0x00000000fcd00000, 0x0000000100000000)
  eden space 52736K, 99% used [0x00000000f5580000,0x00000000f88fffe0,0x00000000f8900000)
  from space 33792K, 0% used [0x00000000f8900000,0x00000000f8900000,0x00000000faa00000)
  to   space 33792K, 0% used [0x00000000faa00000,0x00000000faa00000,0x00000000fcb00000)
 ParOldGen       total 349696K, used 349695K [0x00000000e0000000, 0x00000000f5580000, 0x00000000f5580000)
  object space 349696K, 99% used [0x00000000e0000000,0x00000000f557ffb8,0x00000000f5580000)
 Metaspace       used 58378K, committed 59200K, reserved 1105920K
  class space    used 5701K, committed 6080K, reserved 1048576K
}
Event: 1129.746 GC heap before
{Heap before GC invocations=479 (full 407):
 PSYoungGen      total 86528K, used 52735K [0x00000000f5580000, 0x00000000fcd00000, 0x0000000100000000)
  eden space 52736K, 99% used [0x00000000f5580000,0x00000000f88ffff8,0x00000000f8900000)
  from space 33792K, 0% used [0x00000000f8900000,0x00000000f8900000,0x00000000faa00000)
  to   space 33792K, 0% used [0x00000000faa00000,0x00000000faa00000,0x00000000fcb00000)
 ParOldGen       total 349696K, used 349695K [0x00000000e0000000, 0x00000000f5580000, 0x00000000f5580000)
  object space 349696K, 99% used [0x00000000e0000000,0x00000000f557ffb8,0x00000000f5580000)
 Metaspace       used 58378K, committed 59200K, reserved 1105920K
  class space    used 5701K, committed 6080K, reserved 1048576K
}
Event: 1132.016 GC heap after
{Heap after GC invocations=479 (full 407):
 PSYoungGen      total 86528K, used 52735K [0x00000000f5580000, 0x00000000fcd00000, 0x0000000100000000)
  eden space 52736K, 99% used [0x00000000f5580000,0x00000000f88ffff8,0x00000000f8900000)
  from space 33792K, 0% used [0x00000000faa00000,0x00000000faa00000,0x00000000fcb00000)
  to   space 33792K, 0% used [0x00000000f8900000,0x00000000f8900000,0x00000000faa00000)
 ParOldGen       total 349696K, used 349695K [0x00000000e0000000, 0x00000000f5580000, 0x00000000f5580000)
  object space 349696K, 99% used [0x00000000e0000000,0x00000000f557ffb8,0x00000000f5580000)
 Metaspace       used 58378K, committed 59200K, reserved 1105920K
  class space    used 5701K, committed 6080K, reserved 1048576K
}
Event: 1132.017 GC heap before
{Heap before GC invocations=480 (full 408):
 PSYoungGen      total 86528K, used 52735K [0x00000000f5580000, 0x00000000fcd00000, 0x0000000100000000)
  eden space 52736K, 99% used [0x00000000f5580000,0x00000000f88ffff8,0x00000000f8900000)
  from space 33792K, 0% used [0x00000000faa00000,0x00000000faa00000,0x00000000fcb00000)
  to   space 33792K, 0% used [0x00000000f8900000,0x00000000f8900000,0x00000000faa00000)
 ParOldGen       total 349696K, used 349696K [0x00000000e0000000, 0x00000000f5580000, 0x00000000f5580000)
  object space 349696K, 100% used [0x00000000e0000000,0x00000000f5580000,0x00000000f5580000)
 Metaspace       used 58378K, committed 59200K, reserved 1105920K
  class space    used 5701K, committed 6080K, reserved 1048576K
}
Event: 1134.148 GC heap after
{Heap after GC invocations=480 (full 408):
 PSYoungGen      total 86528K, used 52735K [0x00000000f5580000, 0x00000000fcd00000, 0x0000000100000000)
  eden space 52736K, 99% used [0x00000000f5580000,0x00000000f88ffff8,0x00000000f8900000)
  from space 33792K, 0% used [0x00000000f8900000,0x00000000f8900000,0x00000000faa00000)
  to   space 33792K, 0% used [0x00000000faa00000,0x00000000faa00000,0x00000000fcb00000)
 ParOldGen       total 349696K, used 349696K [0x00000000e0000000, 0x00000000f5580000, 0x00000000f5580000)
  object space 349696K, 100% used [0x00000000e0000000,0x00000000f5580000,0x00000000f5580000)
 Metaspace       used 58378K, committed 59200K, reserved 1105920K
  class space    used 5701K, committed 6080K, reserved 1048576K
}
Event: 1134.148 GC heap before
{Heap before GC invocations=481 (full 409):
 PSYoungGen      total 86528K, used 52735K [0x00000000f5580000, 0x00000000fcd00000, 0x0000000100000000)
  eden space 52736K, 99% used [0x00000000f5580000,0x00000000f88ffff8,0x00000000f8900000)
  from space 33792K, 0% used [0x00000000f8900000,0x00000000f8900000,0x00000000faa00000)
  to   space 33792K, 0% used [0x00000000faa00000,0x00000000faa00000,0x00000000fcb00000)
 ParOldGen       total 349696K, used 349696K [0x00000000e0000000, 0x00000000f5580000, 0x00000000f5580000)
  object space 349696K, 100% used [0x00000000e0000000,0x00000000f5580000,0x00000000f5580000)
 Metaspace       used 58378K, committed 59200K, reserved 1105920K
  class space    used 5701K, committed 6080K, reserved 1048576K
}
Event: 1136.436 GC heap after
{Heap after GC invocations=481 (full 409):
 PSYoungGen      total 86528K, used 52735K [0x00000000f5580000, 0x00000000fcd00000, 0x0000000100000000)
  eden space 52736K, 99% used [0x00000000f5580000,0x00000000f88ffff8,0x00000000f8900000)
  from space 33792K, 0% used [0x00000000faa00000,0x00000000faa00000,0x00000000fcb00000)
  to   space 33792K, 0% used [0x00000000f8900000,0x00000000f8900000,0x00000000faa00000)
 ParOldGen       total 349696K, used 349696K [0x00000000e0000000, 0x00000000f5580000, 0x00000000f5580000)
  object space 349696K, 100% used [0x00000000e0000000,0x00000000f5580000,0x00000000f5580000)
 Metaspace       used 58378K, committed 59200K, reserved 1105920K
  class space    used 5701K, committed 6080K, reserved 1048576K
}
Event: 1136.436 GC heap before
{Heap before GC invocations=482 (full 410):
 PSYoungGen      total 86528K, used 52735K [0x00000000f5580000, 0x00000000fcd00000, 0x0000000100000000)
  eden space 52736K, 99% used [0x00000000f5580000,0x00000000f88ffff8,0x00000000f8900000)
  from space 33792K, 0% used [0x00000000faa00000,0x00000000faa00000,0x00000000fcb00000)
  to   space 33792K, 0% used [0x00000000f8900000,0x00000000f8900000,0x00000000faa00000)
 ParOldGen       total 349696K, used 349696K [0x00000000e0000000, 0x00000000f5580000, 0x00000000f5580000)
  object space 349696K, 100% used [0x00000000e0000000,0x00000000f5580000,0x00000000f5580000)
 Metaspace       used 58378K, committed 59200K, reserved 1105920K
  class space    used 5701K, committed 6080K, reserved 1048576K
}
Event: 1138.823 GC heap after
{Heap after GC invocations=482 (full 410):
 PSYoungGen      total 86528K, used 52735K [0x00000000f5580000, 0x00000000fcd00000, 0x0000000100000000)
  eden space 52736K, 99% used [0x00000000f5580000,0x00000000f88ffff8,0x00000000f8900000)
  from space 33792K, 0% used [0x00000000f8900000,0x00000000f8900000,0x00000000faa00000)
  to   space 33792K, 0% used [0x00000000faa00000,0x00000000faa00000,0x00000000fcb00000)
 ParOldGen       total 349696K, used 349696K [0x00000000e0000000, 0x00000000f5580000, 0x00000000f5580000)
  object space 349696K, 100% used [0x00000000e0000000,0x00000000f5580000,0x00000000f5580000)
 Metaspace       used 58378K, committed 59200K, reserved 1105920K
  class space    used 5701K, committed 6080K, reserved 1048576K
}
Event: 1138.823 GC heap before
{Heap before GC invocations=483 (full 411):
 PSYoungGen      total 86528K, used 52735K [0x00000000f5580000, 0x00000000fcd00000, 0x0000000100000000)
  eden space 52736K, 99% used [0x00000000f5580000,0x00000000f88ffff8,0x00000000f8900000)
  from space 33792K, 0% used [0x00000000f8900000,0x00000000f8900000,0x00000000faa00000)
  to   space 33792K, 0% used [0x00000000faa00000,0x00000000faa00000,0x00000000fcb00000)
 ParOldGen       total 349696K, used 349696K [0x00000000e0000000, 0x00000000f5580000, 0x00000000f5580000)
  object space 349696K, 100% used [0x00000000e0000000,0x00000000f5580000,0x00000000f5580000)
 Metaspace       used 58378K, committed 59200K, reserved 1105920K
  class space    used 5701K, committed 6080K, reserved 1048576K
}
Event: 1143.139 GC heap after
{Heap after GC invocations=483 (full 411):
 PSYoungGen      total 86528K, used 52735K [0x00000000f5580000, 0x00000000fcd00000, 0x0000000100000000)
  eden space 52736K, 99% used [0x00000000f5580000,0x00000000f88ffff8,0x00000000f8900000)
  from space 33792K, 0% used [0x00000000faa00000,0x00000000faa00000,0x00000000fcb00000)
  to   space 33792K, 0% used [0x00000000f8900000,0x00000000f8900000,0x00000000faa00000)
 ParOldGen       total 349696K, used 349696K [0x00000000e0000000, 0x00000000f5580000, 0x00000000f5580000)
  object space 349696K, 100% used [0x00000000e0000000,0x00000000f5580000,0x00000000f5580000)
 Metaspace       used 58378K, committed 59200K, reserved 1105920K
  class space    used 5701K, committed 6080K, reserved 1048576K
}

Dll operation events (9 events):
Event: 0.004 Loaded shared library /nix/store/gpxl5qgg8kicmcvivwmybwjlpf7wh20l-graalvm17-ce-22.3.0/lib/libjava.so
Event: 0.026 Loaded shared library /nix/store/gpxl5qgg8kicmcvivwmybwjlpf7wh20l-graalvm17-ce-22.3.0/lib/libjsvml.so
Event: 0.328 Loaded shared library /nix/store/gpxl5qgg8kicmcvivwmybwjlpf7wh20l-graalvm17-ce-22.3.0/lib/libnio.so
Event: 0.332 Loaded shared library /nix/store/gpxl5qgg8kicmcvivwmybwjlpf7wh20l-graalvm17-ce-22.3.0/lib/libzip.so
Event: 0.337 Loaded shared library /nix/store/gpxl5qgg8kicmcvivwmybwjlpf7wh20l-graalvm17-ce-22.3.0/lib/libjvmcicompiler.so
Event: 0.903 Loaded shared library /nix/store/gpxl5qgg8kicmcvivwmybwjlpf7wh20l-graalvm17-ce-22.3.0/lib/libjimage.so
Event: 3.230 Loaded shared library /nix/store/gpxl5qgg8kicmcvivwmybwjlpf7wh20l-graalvm17-ce-22.3.0/lib/libnet.so
Event: 5.119 Loaded shared library /home/runner/projeler/.cache/jdt-language-server/config/org.eclipse.equinox.launcher/org.eclipse.equinox.launcher.gtk.linux.x86_64_1.2.400.v20211117-0650/eclipse_11600.so
Event: 15.703 Loaded shared library /nix/store/gpxl5qgg8kicmcvivwmybwjlpf7wh20l-graalvm17-ce-22.3.0/lib/libextnet.so

Deoptimization events (20 events):
Event: 151.505 Thread 0x00007fa06860be20 DEOPT PACKING pc=0x00007fa0bc4209dd sp=0x00007fa0817fe530
Event: 151.505 Thread 0x00007fa06860be20 DEOPT UNPACKING pc=0x00007fa0bb505325 sp=0x00007fa0817fda20 mode 0
Event: 154.346 Thread 0x00007fa06860be20 DEOPT PACKING pc=0x00007fa0bc4209dd sp=0x00007fa0817fe530
Event: 154.346 Thread 0x00007fa06860be20 DEOPT UNPACKING pc=0x00007fa0bb505325 sp=0x00007fa0817fda20 mode 0
Event: 154.403 Thread 0x00007fa06860be20 DEOPT PACKING pc=0x00007fa0bc4209dd sp=0x00007fa0817fe530
Event: 154.403 Thread 0x00007fa06860be20 DEOPT UNPACKING pc=0x00007fa0bb505325 sp=0x00007fa0817fda20 mode 0
Event: 154.406 Thread 0x00007fa06860be20 DEOPT PACKING pc=0x00007fa0bc4209dd sp=0x00007fa0817fe530
Event: 154.406 Thread 0x00007fa06860be20 DEOPT UNPACKING pc=0x00007fa0bb505325 sp=0x00007fa0817fda20 mode 0
Event: 158.502 Thread 0x00007fa06012ad60 DEOPT PACKING pc=0x00007fa0bc3916b8 sp=0x00007fa0b98fdea0
Event: 158.502 Thread 0x00007fa06012ad60 DEOPT UNPACKING pc=0x00007fa0bb505325 sp=0x00007fa0b98fd338 mode 0
Event: 164.502 Thread 0x00007fa06012ad60 DEOPT PACKING pc=0x00007fa0bc648d9e sp=0x00007fa0b98fd480
Event: 164.502 Thread 0x00007fa06012ad60 DEOPT UNPACKING pc=0x00007fa0bb505325 sp=0x00007fa0b98fc948 mode 0
Event: 182.207 Thread 0x00007fa06860be20 Uncommon trap: trap_request=0xffffff8f fr.pc=0x00007fa0c31fa4ff relative=0x000000000000097f
Event: 182.207 Thread 0x00007fa06860be20 Uncommon trap: reason=constraint action=none pc=0x00007fa0c31fa4ff method=org.eclipse.jdt.internal.compiler.util.HashtableOfObject.<init>(I)V @ 65 jvmci
Event: 182.207 Thread 0x00007fa06860be20 DEOPT PACKING pc=0x00007fa0c31fa4ff sp=0x00007fa0817fe4b0
Event: 182.207 Thread 0x00007fa06860be20 DEOPT UNPACKING pc=0x00007fa0bb505325 sp=0x00007fa0817fd8f8 mode 3
Event: 1136.436 Thread 0x00007fa06860be20 Uncommon trap: trap_request=0xffffff8f fr.pc=0x00007fa0c31fcd93 relative=0x0000000000001053
Event: 1136.436 Thread 0x00007fa06860be20 Uncommon trap: reason=constraint action=none pc=0x00007fa0c31fcd93 method=org.eclipse.jdt.internal.core.index.DiskIndex.copyQueryResults(Lorg/eclipse/jdt/internal/compiler/util/HashtableOfObject;I)V @ 123 jvmci
Event: 1136.436 Thread 0x00007fa06860be20 DEOPT PACKING pc=0x00007fa0c31fcd93 sp=0x00007fa0817fe550
Event: 1136.436 Thread 0x00007fa06860be20 DEOPT UNPACKING pc=0x00007fa0bb505325 sp=0x00007fa0817fda28 mode 3

Classes unloaded (20 events):
Event: 146.895 Thread 0x00007fa0d40a1690 Unloading class 0x0000000800cb1000 'java/lang/invoke/LambdaForm$MH+0x0000000800cb1000'
Event: 146.895 Thread 0x00007fa0d40a1690 Unloading class 0x0000000800cb0c00 'java/lang/invoke/LambdaForm$MH+0x0000000800cb0c00'
Event: 146.895 Thread 0x00007fa0d40a1690 Unloading class 0x0000000800cb0800 'java/lang/invoke/LambdaForm$MH+0x0000000800cb0800'
Event: 149.902 Thread 0x00007fa0d40a1690 Unloading class 0x0000000800ecd000 'jdk/internal/reflect/GeneratedConstructorAccessor12'
Event: 149.902 Thread 0x00007fa0d40a1690 Unloading class 0x0000000800ecc800 'jdk/internal/reflect/GeneratedConstructorAccessor10'
Event: 149.902 Thread 0x00007fa0d40a1690 Unloading class 0x0000000800ecc400 'jdk/internal/reflect/GeneratedConstructorAccessor9'
Event: 149.902 Thread 0x00007fa0d40a1690 Unloading class 0x0000000800ecc000 'jdk/internal/reflect/GeneratedConstructorAccessor8'
Event: 160.402 Thread 0x00007fa0d40a1690 Unloading class 0x00000008010a8400 'jdk/internal/reflect/GeneratedSerializationConstructorAccessor4'
Event: 160.402 Thread 0x00007fa0d40a1690 Unloading class 0x00000008010a8000 'jdk/internal/reflect/GeneratedSerializationConstructorAccessor3'
Event: 160.402 Thread 0x00007fa0d40a1690 Unloading class 0x00000008010a4000 'java/lang/invoke/LambdaForm$MH+0x00000008010a4000'
Event: 160.402 Thread 0x00007fa0d40a1690 Unloading class 0x00000008010a3c00 'java/lang/invoke/LambdaForm$MH+0x00000008010a3c00'
Event: 160.402 Thread 0x00007fa0d40a1690 Unloading class 0x00000008010a3800 'java/lang/invoke/LambdaForm$MH+0x00000008010a3800'
Event: 160.402 Thread 0x00007fa0d40a1690 Unloading class 0x00000008010a3400 'java/lang/invoke/LambdaForm$MH+0x00000008010a3400'
Event: 160.402 Thread 0x00007fa0d40a1690 Unloading class 0x00000008010a3000 'java/lang/invoke/LambdaForm$MH+0x00000008010a3000'
Event: 160.402 Thread 0x00007fa0d40a1690 Unloading class 0x00000008010a2c00 'java/lang/invoke/LambdaForm$MH+0x00000008010a2c00'
Event: 160.402 Thread 0x00007fa0d40a1690 Unloading class 0x00000008010a2400 'jdk/internal/reflect/GeneratedSerializationConstructorAccessor2'
Event: 160.402 Thread 0x00007fa0d40a1690 Unloading class 0x00000008010a2000 'jdk/internal/reflect/GeneratedSerializationConstructorAccessor1'
Event: 160.402 Thread 0x00007fa0d40a1690 Unloading class 0x0000000800d88400 'java/lang/invoke/LambdaForm$MH+0x0000000800d88400'
Event: 160.402 Thread 0x00007fa0d40a1690 Unloading class 0x0000000800cb0000 'java/lang/invoke/LambdaForm$MH+0x0000000800cb0000'
Event: 181.010 Thread 0x00007fa0d40a1690 Unloading class 0x00000008011b4c00 'jdk/internal/reflect/GeneratedConstructorAccessor31'

Classes redefined (0 events):
No events

Internal exceptions (20 events):
Event: 138.001 Thread 0x00007fa0601a9dd0 Exception <a 'java/lang/ArrayIndexOutOfBoundsException'{0x00000000f8610e18}> (0x00000000f8610e18) 
thrown [src/hotspot/share/runtime/sharedRuntime.cpp, line 628]
Event: 138.002 Thread 0x00007fa0601a9dd0 Exception <a 'java/lang/ArrayIndexOutOfBoundsException'{0x00000000f8612fb8}> (0x00000000f8612fb8) 
thrown [src/hotspot/share/runtime/sharedRuntime.cpp, line 628]
Event: 138.002 Thread 0x00007fa0601a9dd0 Exception <a 'java/lang/ArrayIndexOutOfBoundsException'{0x00000000f8613368}> (0x00000000f8613368) 
thrown [src/hotspot/share/runtime/sharedRuntime.cpp, line 628]
Event: 141.404 Thread 0x00007fa0601a9dd0 Exception <a 'java/lang/ArrayIndexOutOfBoundsException'{0x00000000f8037818}> (0x00000000f8037818) 
thrown [src/hotspot/share/runtime/sharedRuntime.cpp, line 628]
Event: 141.410 Thread 0x00007fa0601a9dd0 Exception <a 'java/lang/ArrayIndexOutOfBoundsException'{0x00000000f8094d88}> (0x00000000f8094d88) 
thrown [src/hotspot/share/runtime/sharedRuntime.cpp, line 628]
Event: 141.410 Thread 0x00007fa0601a9dd0 Exception <a 'java/lang/ArrayIndexOutOfBoundsException'{0x00000000f8097060}> (0x00000000f8097060) 
thrown [src/hotspot/share/runtime/sharedRuntime.cpp, line 628]
Event: 142.003 Thread 0x00007fa0601a9dd0 Exception <a 'java/lang/ArrayIndexOutOfBoundsException'{0x00000000f8819738}> (0x00000000f8819738) 
thrown [src/hotspot/share/runtime/sharedRuntime.cpp, line 628]
Event: 142.006 Thread 0x00007fa0601a9dd0 Exception <a 'java/lang/ArrayIndexOutOfBoundsException'{0x00000000f8876ec8}> (0x00000000f8876ec8) 
thrown [src/hotspot/share/runtime/sharedRuntime.cpp, line 628]
Event: 142.007 Thread 0x00007fa0601a9dd0 Exception <a 'java/lang/ArrayIndexOutOfBoundsException'{0x00000000f88791a0}> (0x00000000f88791a0) 
thrown [src/hotspot/share/runtime/sharedRuntime.cpp, line 628]
Event: 145.396 Thread 0x00007fa0601a9dd0 Exception <a 'java/lang/ArrayIndexOutOfBoundsException'{0x00000000f8853cf0}> (0x00000000f8853cf0) 
thrown [src/hotspot/share/runtime/sharedRuntime.cpp, line 628]
Event: 145.400 Thread 0x00007fa0601a9dd0 Exception <a 'java/lang/ArrayIndexOutOfBoundsException'{0x00000000f88b0aa8}> (0x00000000f88b0aa8) 
thrown [src/hotspot/share/runtime/sharedRuntime.cpp, line 628]
Event: 145.400 Thread 0x00007fa0601a9dd0 Exception <a 'java/lang/ArrayIndexOutOfBoundsException'{0x00000000f88b2c48}> (0x00000000f88b2c48) 
thrown [src/hotspot/share/runtime/sharedRuntime.cpp, line 628]
Event: 145.400 Thread 0x00007fa0601a9dd0 Exception <a 'java/lang/ArrayIndexOutOfBoundsException'{0x00000000f88b2ff8}> (0x00000000f88b2ff8) 
thrown [src/hotspot/share/runtime/sharedRuntime.cpp, line 628]
Event: 182.207 Thread 0x00007fa06860be20 Exception <a 'java/lang/OutOfMemoryError'{0x00000000e00d16f0}> (0x00000000e00d16f0) 
thrown [src/hotspot/share/gc/shared/memAllocator.cpp, line 138]
Event: 182.207 Thread 0x00007fa06860be20 Implicit null exception at 0x00007fa0c31fa27d to 0x00007fa0c31fa4e4
Event: 1016.562 Thread 0x00007fa068485c90 Exception <a 'java/lang/OutOfMemoryError'{0x00000000e00d0b88}> (0x00000000e00d0b88) 
thrown [src/hotspot/share/gc/shared/memAllocator.cpp, line 136]
Event: 1113.539 Thread 0x00007fa068485c90 Exception <a 'java/lang/OutOfMemoryError'{0x00000000e00d1178}> (0x00000000e00d1178) 
thrown [src/hotspot/share/gc/shared/memAllocator.cpp, line 136]
Event: 1136.436 Thread 0x00007fa06860be20 Exception <a 'java/lang/OutOfMemoryError'{0x00000000e00d0e58}> (0x00000000e00d0e58) 
thrown [src/hotspot/share/gc/shared/memAllocator.cpp, line 138]
Event: 1136.436 Thread 0x00007fa06860be20 Implicit null exception at 0x00007fa0c31fc7f6 to 0x00007fa0c31fcd78
Event: 1143.139 Thread 0x00007fa0d40b1c80 Exception <a 'java/lang/OutOfMemoryError'{0x00000000e00d1178}> (0x00000000e00d1178) 
thrown [src/hotspot/share/gc/shared/memAllocator.cpp, line 136]

VM Operations (20 events):
Event: 1113.539 Executing VM operation: ParallelGCFailedAllocation
Event: 1115.736 Executing VM operation: ParallelGCFailedAllocation done
Event: 1115.736 Executing VM operation: ParallelGCFailedAllocation
Event: 1118.137 Executing VM operation: ParallelGCFailedAllocation done
Event: 1118.137 Executing VM operation: ParallelGCFailedAllocation
Event: 1120.410 Executing VM operation: ParallelGCFailedAllocation done
Event: 1120.410 Executing VM operation: ParallelGCFailedAllocation
Event: 1122.764 Executing VM operation: ParallelGCFailedAllocation done
Event: 1122.764 Executing VM operation: ParallelGCFailedAllocation
Event: 1125.032 Executing VM operation: ParallelGCFailedAllocation done
Event: 1125.032 Executing VM operation: ParallelGCFailedAllocation
Event: 1127.403 Executing VM operation: ParallelGCFailedAllocation done
Event: 1127.403 Executing VM operation: ParallelGCFailedAllocation
Event: 1129.745 Executing VM operation: ParallelGCFailedAllocation done
Event: 1129.746 Executing VM operation: ParallelGCFailedAllocation
Event: 1132.016 Executing VM operation: ParallelGCFailedAllocation done
Event: 1132.016 Executing VM operation: ParallelGCFailedAllocation
Event: 1136.436 Executing VM operation: ParallelGCFailedAllocation done
Event: 1136.436 Executing VM operation: ParallelGCFailedAllocation
Event: 1143.139 Executing VM operation: ParallelGCFailedAllocation done

Events (20 events):
Event: 151.207 Thread 0x00007fa0601aebc0 Thread exited: 0x00007fa0601aebc0
Event: 154.340 Thread 0x00007fa0601a9dd0 Thread exited: 0x00007fa0601a9dd0
Event: 158.501 Thread 0x00007fa06012ad60 Thread added: 0x00007fa06012ad60
Event: 158.501 Protecting memory [0x00007fa0b9800000,0x00007fa0b9804000] with protection modes 0
Event: 189.898 Thread 0x00007fa06012ad60 Thread exited: 0x00007fa06012ad60
Event: 208.204 Thread 0x00007fa058007660 Thread exited: 0x00007fa058007660
Event: 208.204 Thread 0x00007fa040000ff0 Thread exited: 0x00007fa040000ff0
Event: 213.624 Thread 0x00007fa0580010d0 Thread exited: 0x00007fa0580010d0
Event: 352.422 Thread 0x00007fa06012ad60 Thread added: 0x00007fa06012ad60
Event: 352.422 Protecting memory [0x00007fa081900000,0x00007fa081904000] with protection modes 0
Event: 1016.562 loading class java/net/UnknownServiceException
Event: 1016.563 loading class java/net/UnknownServiceException done
Event: 1016.563 loading class javax/xml/parsers/ParserConfigurationException
Event: 1016.563 loading class javax/xml/parsers/ParserConfigurationException done
Event: 1016.563 loading class javax/xml/transform/TransformerException
Event: 1016.563 loading class javax/xml/transform/TransformerException done
Event: 1016.564 loading class java/lang/AssertionError
Event: 1016.564 loading class java/lang/AssertionError done
Event: 1021.633 Thread 0x00007fa0580010d0 Thread added: 0x00007fa0580010d0
Event: 1021.634 Protecting memory [0x00007fa080d00000,0x00007fa080d04000] with protection modes 0


Dynamic libraries:
e0000000-f2c00000 rw-p 00000000 00:00 0 
f2c00000-fcd00000 rw-p 00000000 00:00 0 
fcd00000-100000000 ---p 00000000 00:00 0 
800000000-800449000 rw-p 00001000 00:5fe 707969865                       /nix/store/gpxl5qgg8kicmcvivwmybwjlpf7wh20l-graalvm17-ce-22.3.0/lib/server/classes.jsa
800449000-800bc8000 r--p 0044a000 00:5fe 707969865                       /nix/store/gpxl5qgg8kicmcvivwmybwjlpf7wh20l-graalvm17-ce-22.3.0/lib/server/classes.jsa
800bc8000-800c00000 ---p 00000000 00:00 0 
800c00000-800c10000 rw-p 00000000 00:00 0 
800c10000-800c30000 rw-p 00000000 00:00 0 
800c30000-800cb0000 rw-p 00000000 00:00 0 
800cb0000-800cf0000 rw-p 00000000 00:00 0 
800cf0000-800db0000 rw-p 00000000 00:00 0 
800db0000-800df0000 rw-p 00000000 00:00 0 
800df0000-800f30000 rw-p 00000000 00:00 0 
800f30000-800ff0000 rw-p 00000000 00:00 0 
800ff0000-801000000 ---p 00000000 00:00 0 
801000000-801200000 rw-p 00000000 00:00 0 
801200000-840c00000 ---p 00000000 00:00 0 
56487b678000-56487b679000 r-xp 00000000 00:5fe 672029940                 /nix/store/gpxl5qgg8kicmcvivwmybwjlpf7wh20l-graalvm17-ce-22.3.0/bin/.java-wrapped
56487b67a000-56487b67b000 r--p 00001000 00:5fe 672029940                 /nix/store/gpxl5qgg8kicmcvivwmybwjlpf7wh20l-graalvm17-ce-22.3.0/bin/.java-wrapped
56487b67b000-56487b67c000 rw-p 00002000 00:5fe 672029940                 /nix/store/gpxl5qgg8kicmcvivwmybwjlpf7wh20l-graalvm17-ce-22.3.0/bin/.java-wrapped
56487b67c000-56487b67d000 rw-p 00004000 00:5fe 672029940                 /nix/store/gpxl5qgg8kicmcvivwmybwjlpf7wh20l-graalvm17-ce-22.3.0/bin/.java-wrapped
56487b67d000-56487b67e000 rw-p 00005000 00:5fe 672029940                 /nix/store/gpxl5qgg8kicmcvivwmybwjlpf7wh20l-graalvm17-ce-22.3.0/bin/.java-wrapped
56487be3e000-56487be86000 rw-p 00000000 00:00 0                          [heap]
7fa014000000-7fa01409d000 rw-p 00000000 00:00 0 
7fa01409d000-7fa018000000 ---p 00000000 00:00 0 
7fa01c000000-7fa01c041000 rw-p 00000000 00:00 0 
7fa01c041000-7fa020000000 ---p 00000000 00:00 0 
7fa020000000-7fa0200c7000 rw-p 00000000 00:00 0 
7fa0200c7000-7fa024000000 ---p 00000000 00:00 0 
7fa024000000-7fa024163000 rw-p 00000000 00:00 0 
7fa024163000-7fa028000000 ---p 00000000 00:00 0 
7fa028c00000-7fa028ef0000 rw-p 00000000 00:00 0 
7fa028ef0000-7fa028f30000 rw-p 00000000 00:00 0 
7fa028f30000-7fa029000000 ---p 00000000 00:00 0 
7fa029000000-7fa0290b0000 rw-p 00000000 00:00 0 
7fa0290b0000-7fa029400000 ---p 00000000 00:00 0 
7fa02a4b3000-7fa034000000 r--s 00000000 00:5fe 707804677                 /nix/store/gpxl5qgg8kicmcvivwmybwjlpf7wh20l-graalvm17-ce-22.3.0/lib/modules
7fa034000000-7fa034022000 rw-p 00000000 00:00 0 
7fa034022000-7fa038000000 ---p 00000000 00:00 0 
7fa038000000-7fa038021000 rw-p 00000000 00:00 0 
7fa038021000-7fa03c000000 ---p 00000000 00:00 0 
7fa03f000000-7fa03f1f0000 rw-p 00000000 00:00 0 
7fa03f1f0000-7fa03f7f0000 rw-p 00000000 00:00 0 
7fa03f7f0000-7fa040000000 rw-p 00000000 00:00 0 
7fa040000000-7fa0400e1000 rw-p 00000000 00:00 0 
7fa0400e1000-7fa044000000 ---p 00000000 00:00 0 
7fa044000000-7fa044048000 rw-p 00000000 00:00 0 
7fa044048000-7fa048000000 ---p 00000000 00:00 0 
7fa048000000-7fa048021000 rw-p 00000000 00:00 0 
7fa048021000-7fa04c000000 ---p 00000000 00:00 0 
7fa04c000000-7fa04c021000 rw-p 00000000 00:00 0 
7fa04c021000-7fa050000000 ---p 00000000 00:00 0 
7fa050000000-7fa05009b000 rw-p 00000000 00:00 0 
7fa05009b000-7fa054000000 ---p 00000000 00:00 0 
7fa054000000-7fa05432b000 rw-p 00000000 00:00 0 
7fa05432b000-7fa058000000 ---p 00000000 00:00 0 
7fa058000000-7fa058060000 rw-p 00000000 00:00 0 
7fa058060000-7fa05c000000 ---p 00000000 00:00 0 
7fa05c000000-7fa05c14b000 rw-p 00000000 00:00 0 
7fa05c14b000-7fa060000000 ---p 00000000 00:00 0 
7fa060000000-7fa0601da000 rw-p 00000000 00:00 0 
7fa0601da000-7fa064000000 ---p 00000000 00:00 0 
7fa064000000-7fa064021000 rw-p 00000000 00:00 0 
7fa064021000-7fa068000000 ---p 00000000 00:00 0 
7fa068000000-7fa0688ea000 rw-p 00000000 00:00 0 
7fa0688ea000-7fa06c000000 ---p 00000000 00:00 0 
7fa06c000000-7fa06c021000 rw-p 00000000 00:00 0 
7fa06c021000-7fa070000000 ---p 00000000 00:00 0 
7fa070000000-7fa070021000 rw-p 00000000 00:00 0 
7fa070021000-7fa074000000 ---p 00000000 00:00 0 
7fa074000000-7fa074021000 rw-p 00000000 00:00 0 
7fa074021000-7fa078000000 ---p 00000000 00:00 0 
7fa078000000-7fa078021000 rw-p 00000000 00:00 0 
7fa078021000-7fa07c000000 ---p 00000000 00:00 0 
7fa07d400000-7fa07d470000 rw-p 00000000 00:00 0 
7fa07d470000-7fa07d4f0000 rw-p 00000000 00:00 0 
7fa07d4f0000-7fa07d6f0000 rw-p 00000000 00:00 0 
7fa07d6f0000-7fa07d7f0000 rw-p 00000000 00:00 0 
7fa07d7f0000-7fa07d8f0000 rw-p 00000000 00:00 0 
7fa07d8f0000-7fa07d9f0000 rw-p 00000000 00:00 0 
7fa07d9f0000-7fa07dbf0000 rw-p 00000000 00:00 0 
7fa07dbf0000-7fa07dd70000 rw-p 00000000 00:00 0 
7fa07dd70000-7fa07ddf0000 rw-p 00000000 00:00 0 
7fa07ddf0000-7fa07e1b0000 rw-p 00000000 00:00 0 
7fa07e1b0000-7fa07e1f0000 rw-p 00000000 00:00 0 
7fa07e1f0000-7fa07e2b0000 rw-p 00000000 00:00 0 
7fa07e2b0000-7fa07e2f0000 rw-p 00000000 00:00 0 
7fa07e2f0000-7fa07e3f0000 rw-p 00000000 00:00 0 
7fa07e3f0000-7fa07e4f0000 rw-p 00000000 00:00 0 
7fa07e4f0000-7fa07e5f0000 rw-p 00000000 00:00 0 
7fa07e5f0000-7fa07eaf0000 rw-p 00000000 00:00 0 
7fa07eaf0000-7fa07ebf0000 rw-p 00000000 00:00 0 
7fa07ebf0000-7fa07ec00000 rw-p 00000000 00:00 0 
7fa07ee00000-7fa07ee10000 r-xp 00000000 00:5f3 310                       /home/runner/projeler/.cache/jdt-language-server/config/org.eclipse.equinox.launcher/org.eclipse.equinox.launcher.gtk.linux.x86_64_1.2.400.v20211117-0650/eclipse_11600.so
7fa07ee10000-7fa07f00f000 ---p 00010000 00:5f3 310                       /home/runner/projeler/.cache/jdt-language-server/config/org.eclipse.equinox.launcher/org.eclipse.equinox.launcher.gtk.linux.x86_64_1.2.400.v20211117-0650/eclipse_11600.so
7fa07f00f000-7fa07f010000 r--p 0000f000 00:5f3 310                       /home/runner/projeler/.cache/jdt-language-server/config/org.eclipse.equinox.launcher/org.eclipse.equinox.launcher.gtk.linux.x86_64_1.2.400.v20211117-0650/eclipse_11600.so
7fa07f010000-7fa07f011000 rw-p 00010000 00:5f3 310                       /home/runner/projeler/.cache/jdt-language-server/config/org.eclipse.equinox.launcher/org.eclipse.equinox.launcher.gtk.linux.x86_64_1.2.400.v20211117-0650/eclipse_11600.so
7fa07f700000-7fa07f800000 ---p 00000000 00:00 0 
7fa07f800000-7fa07fdaf000 r--p 01122000 00:5fe 707802136                 /nix/store/gpxl5qgg8kicmcvivwmybwjlpf7wh20l-graalvm17-ce-22.3.0/lib/libjvmcicompiler.so
7fa07fdaf000-7fa07ff00000 r--p 00000000 00:00 0 
7fa07ff00000-7fa07ff3d000 rw-p 00000000 00:00 0 
7fa07ff3d000-7fa08045d000 rw-p 0185f000 00:5fe 707802136                 /nix/store/gpxl5qgg8kicmcvivwmybwjlpf7wh20l-graalvm17-ce-22.3.0/lib/libjvmcicompiler.so
7fa08045d000-7fa080844000 r--p 01d7f000 00:5fe 707802136                 /nix/store/gpxl5qgg8kicmcvivwmybwjlpf7wh20l-graalvm17-ce-22.3.0/lib/libjvmcicompiler.so
7fa080900000-7fa080904000 ---p 00000000 00:00 0 
7fa080904000-7fa080a00000 rw-p 00000000 00:00 0 
7fa080b00000-7fa080b04000 ---p 00000000 00:00 0 
7fa080b04000-7fa080c00000 rw-p 00000000 00:00 0 
7fa080d00000-7fa080d04000 ---p 00000000 00:00 0 
7fa080d04000-7fa080e00000 rw-p 00000000 00:00 0 
7fa080f00000-7fa080f04000 ---p 00000000 00:00 0 
7fa080f04000-7fa081000000 rw-p 00000000 00:00 0 
7fa081100000-7fa081104000 ---p 00000000 00:00 0 
7fa081104000-7fa081200000 rw-p 00000000 00:00 0 
7fa081300000-7fa081304000 ---p 00000000 00:00 0 
7fa081304000-7fa081400000 rw-p 00000000 00:00 0 
7fa081500000-7fa081504000 ---p 00000000 00:00 0 
7fa081504000-7fa081600000 rw-p 00000000 00:00 0 
7fa081700000-7fa081704000 ---p 00000000 00:00 0 
7fa081704000-7fa081800000 rw-p 00000000 00:00 0 
7fa081900000-7fa081904000 ---p 00000000 00:00 0 
7fa081904000-7fa081a00000 rw-p 00000000 00:00 0 
7fa081b00000-7fa081b04000 ---p 00000000 00:00 0 
7fa081b04000-7fa081c00000 rw-p 00000000 00:00 0 
7fa081c00000-7fa083d6a000 r-xp 00000000 00:5fe 707802136                 /nix/store/gpxl5qgg8kicmcvivwmybwjlpf7wh20l-graalvm17-ce-22.3.0/lib/libjvmcicompiler.so
7fa083d6a000-7fa083f69000 ---p 0216a000 00:5fe 707802136                 /nix/store/gpxl5qgg8kicmcvivwmybwjlpf7wh20l-graalvm17-ce-22.3.0/lib/libjvmcicompiler.so
7fa083f69000-7fa083f6a000 r--p 02169000 00:5fe 707802136                 /nix/store/gpxl5qgg8kicmcvivwmybwjlpf7wh20l-graalvm17-ce-22.3.0/lib/libjvmcicompiler.so
7fa083f6a000-7fa083f6c000 rw-p 0216a000 00:5fe 707802136                 /nix/store/gpxl5qgg8kicmcvivwmybwjlpf7wh20l-graalvm17-ce-22.3.0/lib/libjvmcicompiler.so
7fa083f6c000-7fa083f6d000 rw-p 00000000 00:00 0 
7fa083f6d000-7fa083f72000 rw-p 023c3000 00:5fe 707802136                 /nix/store/gpxl5qgg8kicmcvivwmybwjlpf7wh20l-graalvm17-ce-22.3.0/lib/libjvmcicompiler.so
7fa084000000-7fa084021000 rw-p 00000000 00:00 0 
7fa084021000-7fa088000000 ---p 00000000 00:00 0 
7fa088000000-7fa088021000 rw-p 00000000 00:00 0 
7fa088021000-7fa08c000000 ---p 00000000 00:00 0 
7fa08c000000-7fa08c021000 rw-p 00000000 00:00 0 
7fa08c021000-7fa090000000 ---p 00000000 00:00 0 
7fa090000000-7fa090021000 rw-p 00000000 00:00 0 
7fa090021000-7fa094000000 ---p 00000000 00:00 0 
7fa094000000-7fa094229000 rw-p 00000000 00:00 0 
7fa094229000-7fa098000000 ---p 00000000 00:00 0 
7fa098000000-7fa098b04000 rw-p 00000000 00:00 0 
7fa098b04000-7fa09c000000 ---p 00000000 00:00 0 
7fa09c000000-7fa09c021000 rw-p 00000000 00:00 0 
7fa09c021000-7fa0a0000000 ---p 00000000 00:00 0 
7fa0a0000000-7fa0a0021000 rw-p 00000000 00:00 0 
7fa0a0021000-7fa0a4000000 ---p 00000000 00:00 0 
7fa0a4000000-7fa0a4021000 rw-p 00000000 00:00 0 
7fa0a4021000-7fa0a8000000 ---p 00000000 00:00 0 
7fa0a8000000-7fa0a8021000 rw-p 00000000 00:00 0 
7fa0a8021000-7fa0ac000000 ---p 00000000 00:00 0 
7fa0ac000000-7fa0ac021000 rw-p 00000000 00:00 0 
7fa0ac021000-7fa0b0000000 ---p 00000000 00:00 0 
7fa0b0000000-7fa0b0021000 rw-p 00000000 00:00 0 
7fa0b0021000-7fa0b4000000 ---p 00000000 00:00 0 
7fa0b4000000-7fa0b4107000 rw-p 00000000 00:00 0 
7fa0b4107000-7fa0b8000000 ---p 00000000 00:00 0 
7fa0b8100000-7fa0b8104000 ---p 00000000 00:00 0 
7fa0b8104000-7fa0b8200000 rw-p 00000000 00:00 0 
7fa0b8300000-7fa0b8304000 ---p 00000000 00:00 0 
7fa0b8304000-7fa0b8400000 rw-p 00000000 00:00 0 
7fa0b8400000-7fa0b8404000 ---p 00000000 00:00 0 
7fa0b8404000-7fa0b8500000 rw-p 00000000 00:00 0 
7fa0b8500000-7fa0b8504000 ---p 00000000 00:00 0 
7fa0b8504000-7fa0b8600000 rw-p 00000000 00:00 0 
7fa0b8700000-7fa0b8704000 ---p 00000000 00:00 0 
7fa0b8704000-7fa0b8800000 rw-p 00000000 00:00 0 
7fa0b8900000-7fa0b8904000 ---p 00000000 00:00 0 
7fa0b8904000-7fa0b8a00000 rw-p 00000000 00:00 0 
7fa0b8b00000-7fa0b8b04000 ---p 00000000 00:00 0 
7fa0b8b04000-7fa0b8c00000 rw-p 00000000 00:00 0 
7fa0b93a9000-7fa0b9700000 rw-p 00000000 00:00 0 
7fa0b9800000-7fa0b9804000 ---p 00000000 00:00 0 
7fa0b9804000-7fa0b9900000 rw-p 00000000 00:00 0 
7fa0b9a00000-7fa0b9a04000 ---p 00000000 00:00 0 
7fa0b9a04000-7fa0b9b00000 rw-p 00000000 00:00 0 
7fa0b9c00000-7fa0b9c04000 ---p 00000000 00:00 0 
7fa0b9c04000-7fa0b9d00000 rw-p 00000000 00:00 0 
7fa0b9d18000-7fa0b9d1c000 ---p 00000000 00:00 0 
7fa0b9d1c000-7fa0b9e18000 rw-p 00000000 00:00 0 
7fa0b9e18000-7fa0b9e19000 ---p 00000000 00:00 0 
7fa0b9e19000-7fa0b9f1a000 rw-p 00000000 00:00 0 
7fa0b9f1a000-7fa0b9f1e000 ---p 00000000 00:00 0 
7fa0b9f1e000-7fa0ba01a000 rw-p 00000000 00:00 0 
7fa0ba01a000-7fa0ba01e000 ---p 00000000 00:00 0 
7fa0ba01e000-7fa0ba11a000 rw-p 00000000 00:00 0 
7fa0ba11a000-7fa0ba11e000 ---p 00000000 00:00 0 
7fa0ba11e000-7fa0ba21a000 rw-p 00000000 00:00 0 
7fa0ba21a000-7fa0ba21e000 ---p 00000000 00:00 0 
7fa0ba21e000-7fa0ba41a000 rw-p 00000000 00:00 0 
7fa0ba41a000-7fa0ba41e000 ---p 00000000 00:00 0 
7fa0ba41e000-7fa0ba61a000 rw-p 00000000 00:00 0 
7fa0ba61a000-7fa0ba61e000 ---p 00000000 00:00 0 
7fa0ba61e000-7fa0ba71a000 rw-p 00000000 00:00 0 
7fa0ba71a000-7fa0ba71e000 ---p 00000000 00:00 0 
7fa0ba71e000-7fa0ba81a000 rw-p 00000000 00:00 0 
7fa0ba81a000-7fa0ba81e000 ---p 00000000 00:00 0 
7fa0ba81e000-7fa0ba91a000 rw-p 00000000 00:00 0 
7fa0ba91a000-7fa0bac00000 r--p 00000000 00:95b 28444448                  /usr/lib/locale/locale-archive
7fa0bac00000-7fa0baff0000 rw-p 00000000 00:00 0 
7fa0baff0000-7fa0bb2f0000 rw-p 00000000 00:00 0 
7fa0bb2f0000-7fa0bb400000 rw-p 00000000 00:00 0 
7fa0bb4b3000-7fa0bb723000 rwxp 00000000 00:00 0 
7fa0bb723000-7fa0bba42000 ---p 00000000 00:00 0 
7fa0bba42000-7fa0bca22000 rwxp 00000000 00:00 0 
7fa0bca22000-7fa0c2f7a000 ---p 00000000 00:00 0 
7fa0c2f7a000-7fa0c323a000 rwxp 00000000 00:00 0 
7fa0c323a000-7fa0ca4b3000 ---p 00000000 00:00 0 
7fa0ca4b3000-7fa0d4000000 r--s 00000000 00:5fe 707804677                 /nix/store/gpxl5qgg8kicmcvivwmybwjlpf7wh20l-graalvm17-ce-22.3.0/lib/modules
7fa0d4000000-7fa0d4400000 rw-p 00000000 00:00 0 
7fa0d4400000-7fa0d8000000 ---p 00000000 00:00 0 
7fa0d802c000-7fa0d802e000 r-xp 00000000 00:5fe 707802113                 /nix/store/gpxl5qgg8kicmcvivwmybwjlpf7wh20l-graalvm17-ce-22.3.0/lib/libextnet.so
7fa0d802e000-7fa0d802f000 r--p 00001000 00:5fe 707802113                 /nix/store/gpxl5qgg8kicmcvivwmybwjlpf7wh20l-graalvm17-ce-22.3.0/lib/libextnet.so
7fa0d802f000-7fa0d8030000 rw-p 00002000 00:5fe 707802113                 /nix/store/gpxl5qgg8kicmcvivwmybwjlpf7wh20l-graalvm17-ce-22.3.0/lib/libextnet.so
7fa0d8030000-7fa0d8031000 rw-p 00004000 00:5fe 707802113                 /nix/store/gpxl5qgg8kicmcvivwmybwjlpf7wh20l-graalvm17-ce-22.3.0/lib/libextnet.so
7fa0d8031000-7fa0d8035000 ---p 00000000 00:00 0 
7fa0d8035000-7fa0d8053000 rw-p 00000000 00:00 0 
7fa0d8053000-7fa0d805a000 r-xp 00000000 00:5fe 707804676                 /nix/store/gpxl5qgg8kicmcvivwmybwjlpf7wh20l-graalvm17-ce-22.3.0/lib/libzip.so
7fa0d805a000-7fa0d805b000 ---p 00007000 00:5fe 707804676                 /nix/store/gpxl5qgg8kicmcvivwmybwjlpf7wh20l-graalvm17-ce-22.3.0/lib/libzip.so
7fa0d805b000-7fa0d805c000 r--p 00007000 00:5fe 707804676                 /nix/store/gpxl5qgg8kicmcvivwmybwjlpf7wh20l-graalvm17-ce-22.3.0/lib/libzip.so
7fa0d805c000-7fa0d805d000 rw-p 00008000 00:5fe 707804676                 /nix/store/gpxl5qgg8kicmcvivwmybwjlpf7wh20l-graalvm17-ce-22.3.0/lib/libzip.so
7fa0d805d000-7fa0d805f000 rw-p 0000b000 00:5fe 707804676                 /nix/store/gpxl5qgg8kicmcvivwmybwjlpf7wh20l-graalvm17-ce-22.3.0/lib/libzip.so
7fa0d805f000-7fa0d8074000 r-xp 00000000 00:5fe 707804666                 /nix/store/gpxl5qgg8kicmcvivwmybwjlpf7wh20l-graalvm17-ce-22.3.0/lib/libnet.so
7fa0d8074000-7fa0d8075000 ---p 00015000 00:5fe 707804666                 /nix/store/gpxl5qgg8kicmcvivwmybwjlpf7wh20l-graalvm17-ce-22.3.0/lib/libnet.so
7fa0d8075000-7fa0d8076000 r--p 00015000 00:5fe 707804666                 /nix/store/gpxl5qgg8kicmcvivwmybwjlpf7wh20l-graalvm17-ce-22.3.0/lib/libnet.so
7fa0d8076000-7fa0d8077000 rw-p 00016000 00:5fe 707804666                 /nix/store/gpxl5qgg8kicmcvivwmybwjlpf7wh20l-graalvm17-ce-22.3.0/lib/libnet.so
7fa0d8077000-7fa0d807a000 rw-p 0001b000 00:5fe 707804666                 /nix/store/gpxl5qgg8kicmcvivwmybwjlpf7wh20l-graalvm17-ce-22.3.0/lib/libnet.so
7fa0d807a000-7fa0d808d000 r-xp 00000000 00:5fe 707804667                 /nix/store/gpxl5qgg8kicmcvivwmybwjlpf7wh20l-graalvm17-ce-22.3.0/lib/libnio.so
7fa0d808d000-7fa0d808e000 r--p 00012000 00:5fe 707804667                 /nix/store/gpxl5qgg8kicmcvivwmybwjlpf7wh20l-graalvm17-ce-22.3.0/lib/libnio.so
7fa0d808e000-7fa0d808f000 rw-p 00013000 00:5fe 707804667                 /nix/store/gpxl5qgg8kicmcvivwmybwjlpf7wh20l-graalvm17-ce-22.3.0/lib/libnio.so
7fa0d808f000-7fa0d8094000 rw-p 00019000 00:5fe 707804667                 /nix/store/gpxl5qgg8kicmcvivwmybwjlpf7wh20l-graalvm17-ce-22.3.0/lib/libnio.so
7fa0d8094000-7fa0d8098000 ---p 00000000 00:00 0 
7fa0d8098000-7fa0d8194000 rw-p 00000000 00:00 0 
7fa0d8194000-7fa0d8198000 ---p 00000000 00:00 0 
7fa0d8198000-7fa0d8294000 rw-p 00000000 00:00 0 
7fa0d8294000-7fa0d8295000 ---p 00000000 00:00 0 
7fa0d8295000-7fa0d8396000 rw-p 00000000 00:00 0 
7fa0d8396000-7fa0d8464000 r-xp 00000000 00:5fe 707802132                 /nix/store/gpxl5qgg8kicmcvivwmybwjlpf7wh20l-graalvm17-ce-22.3.0/lib/libjsvml.so
7fa0d8464000-7fa0d8465000 r--p 000cd000 00:5fe 707802132                 /nix/store/gpxl5qgg8kicmcvivwmybwjlpf7wh20l-graalvm17-ce-22.3.0/lib/libjsvml.so
7fa0d8465000-7fa0d8466000 rw-p 000ce000 00:5fe 707802132                 /nix/store/gpxl5qgg8kicmcvivwmybwjlpf7wh20l-graalvm17-ce-22.3.0/lib/libjsvml.so
7fa0d8466000-7fa0d9d3e000 rw-p 00000000 00:00 0 
7fa0d9d3e000-7fa0d9d3f000 ---p 00000000 00:00 0 
7fa0d9d3f000-7fa0d9ed6000 rw-p 00000000 00:00 0 
7fa0d9ed6000-7fa0d9f27000 rw-p 00000000 00:00 0 
7fa0d9f27000-7fa0d9f40000 ---p 00000000 00:00 0 
7fa0d9f40000-7fa0d9f47000 rw-p 00000000 00:00 0 
7fa0d9f47000-7fa0da02c000 ---p 00000000 00:00 0 
7fa0da02c000-7fa0da04c000 rw-p 00000000 00:00 0 
7fa0da04c000-7fa0da117000 ---p 00000000 00:00 0 
7fa0da117000-7fa0da11c000 rw-p 00000000 00:00 0 
7fa0da11c000-7fa0da123000 ---p 00000000 00:00 0 
7fa0da123000-7fa0da147000 r-xp 00000000 00:5fe 707802124                 /nix/store/gpxl5qgg8kicmcvivwmybwjlpf7wh20l-graalvm17-ce-22.3.0/lib/libjava.so
7fa0da147000-7fa0da148000 ---p 00024000 00:5fe 707802124                 /nix/store/gpxl5qgg8kicmcvivwmybwjlpf7wh20l-graalvm17-ce-22.3.0/lib/libjava.so
7fa0da148000-7fa0da149000 r--p 00024000 00:5fe 707802124                 /nix/store/gpxl5qgg8kicmcvivwmybwjlpf7wh20l-graalvm17-ce-22.3.0/lib/libjava.so
7fa0da149000-7fa0da14a000 rw-p 00025000 00:5fe 707802124                 /nix/store/gpxl5qgg8kicmcvivwmybwjlpf7wh20l-graalvm17-ce-22.3.0/lib/libjava.so
7fa0da14a000-7fa0da14b000 rw-p 00000000 00:00 0 
7fa0da14b000-7fa0da152000 rw-p 0002f000 00:5fe 707802124                 /nix/store/gpxl5qgg8kicmcvivwmybwjlpf7wh20l-graalvm17-ce-22.3.0/lib/libjava.so
7fa0da152000-7fa0da15a000 rw-s 00000000 00:958 386                       /tmp/hsperfdata_runner/41
7fa0da15a000-7fa0da15b000 ---p 00000000 00:00 0 
7fa0da15b000-7fa0da15c000 r--p 00000000 00:00 0 
7fa0da15c000-7fa0da15d000 rwxp 00000000 00:00 0 
7fa0da15d000-7fa0da178000 r-xp 00000000 00:5fe 707802128                 /nix/store/gpxl5qgg8kicmcvivwmybwjlpf7wh20l-graalvm17-ce-22.3.0/lib/libjimage.so
7fa0da178000-7fa0da179000 ---p 0001b000 00:5fe 707802128                 /nix/store/gpxl5qgg8kicmcvivwmybwjlpf7wh20l-graalvm17-ce-22.3.0/lib/libjimage.so
7fa0da179000-7fa0da17b000 r--p 0001b000 00:5fe 707802128                 /nix/store/gpxl5qgg8kicmcvivwmybwjlpf7wh20l-graalvm17-ce-22.3.0/lib/libjimage.so
7fa0da17b000-7fa0da17c000 rw-p 0001d000 00:5fe 707802128                 /nix/store/gpxl5qgg8kicmcvivwmybwjlpf7wh20l-graalvm17-ce-22.3.0/lib/libjimage.so
7fa0da17c000-7fa0da17d000 rw-p 00024000 00:5fe 707802128                 /nix/store/gpxl5qgg8kicmcvivwmybwjlpf7wh20l-graalvm17-ce-22.3.0/lib/libjimage.so
7fa0da17d000-7fa0da181000 ---p 00000000 00:00 0 
7fa0da181000-7fa0da27d000 rw-p 00000000 00:00 0 
7fa0da27d000-7fa0da28b000 r--p 00000000 00:5fe 600592023                 /nix/store/4nlgxhb09sdr51nc9hdm8az5b08vzkgx-glibc-2.35-163/lib/libm.so.6
7fa0da28b000-7fa0da2fe000 r-xp 0000e000 00:5fe 600592023                 /nix/store/4nlgxhb09sdr51nc9hdm8az5b08vzkgx-glibc-2.35-163/lib/libm.so.6
7fa0da2fe000-7fa0da35b000 r--p 00081000 00:5fe 600592023                 /nix/store/4nlgxhb09sdr51nc9hdm8az5b08vzkgx-glibc-2.35-163/lib/libm.so.6
7fa0da35b000-7fa0da35c000 r--p 000dd000 00:5fe 600592023                 /nix/store/4nlgxhb09sdr51nc9hdm8az5b08vzkgx-glibc-2.35-163/lib/libm.so.6
7fa0da35c000-7fa0da35d000 rw-p 000de000 00:5fe 600592023                 /nix/store/4nlgxhb09sdr51nc9hdm8az5b08vzkgx-glibc-2.35-163/lib/libm.so.6
7fa0da35d000-7fa0da35e000 r--p 00000000 00:5fe 600592042                 /nix/store/4nlgxhb09sdr51nc9hdm8az5b08vzkgx-glibc-2.35-163/lib/librt.so.1
7fa0da35e000-7fa0da35f000 r-xp 00001000 00:5fe 600592042                 /nix/store/4nlgxhb09sdr51nc9hdm8az5b08vzkgx-glibc-2.35-163/lib/librt.so.1
7fa0da35f000-7fa0da360000 r--p 00002000 00:5fe 600592042                 /nix/store/4nlgxhb09sdr51nc9hdm8az5b08vzkgx-glibc-2.35-163/lib/librt.so.1
7fa0da360000-7fa0da361000 r--p 00002000 00:5fe 600592042                 /nix/store/4nlgxhb09sdr51nc9hdm8az5b08vzkgx-glibc-2.35-163/lib/librt.so.1
7fa0da361000-7fa0da362000 rw-p 00003000 00:5fe 600592042                 /nix/store/4nlgxhb09sdr51nc9hdm8az5b08vzkgx-glibc-2.35-163/lib/librt.so.1
7fa0da362000-7fa0db475000 r-xp 00000000 00:5fe 707972962                 /nix/store/gpxl5qgg8kicmcvivwmybwjlpf7wh20l-graalvm17-ce-22.3.0/lib/server/libjvm.so
7fa0db475000-7fa0db476000 ---p 01113000 00:5fe 707972962                 /nix/store/gpxl5qgg8kicmcvivwmybwjlpf7wh20l-graalvm17-ce-22.3.0/lib/server/libjvm.so
7fa0db476000-7fa0db52b000 r--p 01113000 00:5fe 707972962                 /nix/store/gpxl5qgg8kicmcvivwmybwjlpf7wh20l-graalvm17-ce-22.3.0/lib/server/libjvm.so
7fa0db52b000-7fa0db55f000 rw-p 011c8000 00:5fe 707972962                 /nix/store/gpxl5qgg8kicmcvivwmybwjlpf7wh20l-graalvm17-ce-22.3.0/lib/server/libjvm.so
7fa0db55f000-7fa0db5bb000 rw-p 00000000 00:00 0 
7fa0db5bb000-7fa0db5e3000 r--p 00000000 00:5fe 600592014                 /nix/store/4nlgxhb09sdr51nc9hdm8az5b08vzkgx-glibc-2.35-163/lib/libc.so.6
7fa0db5e3000-7fa0db759000 r-xp 00028000 00:5fe 600592014                 /nix/store/4nlgxhb09sdr51nc9hdm8az5b08vzkgx-glibc-2.35-163/lib/libc.so.6
7fa0db759000-7fa0db7b1000 r--p 0019e000 00:5fe 600592014                 /nix/store/4nlgxhb09sdr51nc9hdm8az5b08vzkgx-glibc-2.35-163/lib/libc.so.6
7fa0db7b1000-7fa0db7b5000 r--p 001f6000 00:5fe 600592014                 /nix/store/4nlgxhb09sdr51nc9hdm8az5b08vzkgx-glibc-2.35-163/lib/libc.so.6
7fa0db7b5000-7fa0db7b7000 rw-p 001fa000 00:5fe 600592014                 /nix/store/4nlgxhb09sdr51nc9hdm8az5b08vzkgx-glibc-2.35-163/lib/libc.so.6
7fa0db7b7000-7fa0db7c6000 rw-p 00000000 00:00 0 
7fa0db7c6000-7fa0db7c7000 r--p 00000000 00:5fe 600592019                 /nix/store/4nlgxhb09sdr51nc9hdm8az5b08vzkgx-glibc-2.35-163/lib/libdl.so.2
7fa0db7c7000-7fa0db7c8000 r-xp 00001000 00:5fe 600592019                 /nix/store/4nlgxhb09sdr51nc9hdm8az5b08vzkgx-glibc-2.35-163/lib/libdl.so.2
7fa0db7c8000-7fa0db7c9000 r--p 00002000 00:5fe 600592019                 /nix/store/4nlgxhb09sdr51nc9hdm8az5b08vzkgx-glibc-2.35-163/lib/libdl.so.2
7fa0db7c9000-7fa0db7ca000 r--p 00002000 00:5fe 600592019                 /nix/store/4nlgxhb09sdr51nc9hdm8az5b08vzkgx-glibc-2.35-163/lib/libdl.so.2
7fa0db7ca000-7fa0db7cb000 rw-p 00003000 00:5fe 600592019                 /nix/store/4nlgxhb09sdr51nc9hdm8az5b08vzkgx-glibc-2.35-163/lib/libdl.so.2
7fa0db7cb000-7fa0db7cc000 r--p 00000000 00:5fe 600592038                 /nix/store/4nlgxhb09sdr51nc9hdm8az5b08vzkgx-glibc-2.35-163/lib/libpthread.so.0
7fa0db7cc000-7fa0db7cd000 r-xp 00001000 00:5fe 600592038                 /nix/store/4nlgxhb09sdr51nc9hdm8az5b08vzkgx-glibc-2.35-163/lib/libpthread.so.0
7fa0db7cd000-7fa0db7ce000 r--p 00002000 00:5fe 600592038                 /nix/store/4nlgxhb09sdr51nc9hdm8az5b08vzkgx-glibc-2.35-163/lib/libpthread.so.0
7fa0db7ce000-7fa0db7cf000 r--p 00002000 00:5fe 600592038                 /nix/store/4nlgxhb09sdr51nc9hdm8az5b08vzkgx-glibc-2.35-163/lib/libpthread.so.0
7fa0db7cf000-7fa0db7d0000 rw-p 00003000 00:5fe 600592038                 /nix/store/4nlgxhb09sdr51nc9hdm8az5b08vzkgx-glibc-2.35-163/lib/libpthread.so.0
7fa0db7d0000-7fa0db7de000 r-xp 00000000 00:5fe 707802129                 /nix/store/gpxl5qgg8kicmcvivwmybwjlpf7wh20l-graalvm17-ce-22.3.0/lib/libjli.so
7fa0db7de000-7fa0db7df000 ---p 0000e000 00:5fe 707802129                 /nix/store/gpxl5qgg8kicmcvivwmybwjlpf7wh20l-graalvm17-ce-22.3.0/lib/libjli.so
7fa0db7df000-7fa0db7e0000 r--p 0000e000 00:5fe 707802129                 /nix/store/gpxl5qgg8kicmcvivwmybwjlpf7wh20l-graalvm17-ce-22.3.0/lib/libjli.so
7fa0db7e0000-7fa0db7e1000 rw-p 0000f000 00:5fe 707802129                 /nix/store/gpxl5qgg8kicmcvivwmybwjlpf7wh20l-graalvm17-ce-22.3.0/lib/libjli.so
7fa0db7e1000-7fa0db7e2000 rw-p 00012000 00:5fe 707802129                 /nix/store/gpxl5qgg8kicmcvivwmybwjlpf7wh20l-graalvm17-ce-22.3.0/lib/libjli.so
7fa0db7e2000-7fa0db7e5000 r--p 00000000 00:5fe 678822167                 /nix/store/026hln0aq1hyshaxsdvhg0kmcm6yf45r-zlib-1.2.13/lib/libz.so.1.2.13
7fa0db7e5000-7fa0db7f7000 r-xp 00003000 00:5fe 678822167                 /nix/store/026hln0aq1hyshaxsdvhg0kmcm6yf45r-zlib-1.2.13/lib/libz.so.1.2.13
7fa0db7f7000-7fa0db7fe000 r--p 00015000 00:5fe 678822167                 /nix/store/026hln0aq1hyshaxsdvhg0kmcm6yf45r-zlib-1.2.13/lib/libz.so.1.2.13
7fa0db7fe000-7fa0db7ff000 r--p 0001b000 00:5fe 678822167                 /nix/store/026hln0aq1hyshaxsdvhg0kmcm6yf45r-zlib-1.2.13/lib/libz.so.1.2.13
7fa0db7ff000-7fa0db800000 rw-p 0001c000 00:5fe 678822167                 /nix/store/026hln0aq1hyshaxsdvhg0kmcm6yf45r-zlib-1.2.13/lib/libz.so.1.2.13
7fa0db800000-7fa0db802000 rw-p 00000000 00:00 0 
7fa0db802000-7fa0db804000 r--p 00000000 00:5fe 600592008                 /nix/store/4nlgxhb09sdr51nc9hdm8az5b08vzkgx-glibc-2.35-163/lib/ld-linux-x86-64.so.2
7fa0db804000-7fa0db82b000 r-xp 00002000 00:5fe 600592008                 /nix/store/4nlgxhb09sdr51nc9hdm8az5b08vzkgx-glibc-2.35-163/lib/ld-linux-x86-64.so.2
7fa0db82b000-7fa0db837000 r--p 00029000 00:5fe 600592008                 /nix/store/4nlgxhb09sdr51nc9hdm8az5b08vzkgx-glibc-2.35-163/lib/ld-linux-x86-64.so.2
7fa0db837000-7fa0db839000 r--p 00034000 00:5fe 600592008                 /nix/store/4nlgxhb09sdr51nc9hdm8az5b08vzkgx-glibc-2.35-163/lib/ld-linux-x86-64.so.2
7fa0db839000-7fa0db83b000 rw-p 00036000 00:5fe 600592008                 /nix/store/4nlgxhb09sdr51nc9hdm8az5b08vzkgx-glibc-2.35-163/lib/ld-linux-x86-64.so.2
7fffbfa5c000-7fffbfa80000 rw-p 00000000 00:00 0                          [stack]
7fffbfba0000-7fffbfba4000 r--p 00000000 00:00 0                          [vvar]
7fffbfba4000-7fffbfba6000 r-xp 00000000 00:00 0                          [vdso]
ffffffffff600000-ffffffffff601000 --xp 00000000 00:00 0                  [vsyscall]


VM Arguments:
jvm_args: -XX:ThreadPriorityPolicy=1 -XX:+UnlockExperimentalVMOptions -XX:+EnableJVMCIProduct -XX:JVMCIThreadsPerNativeLibraryRuntime=1 -XX:-UnlockExperimentalVMOptions -Declipse.application=org.eclipse.jdt.ls.core.id1 -Dosgi.bundles.defaultStartLevel=4 -Declipse.product=org.eclipse.jdt.ls.core.product -Dlog.level=ALL -Xverify:none -XX:+UseParallelGC -XX:GCTimeRatio=4 -XX:AdaptiveSizePolicyWeight=90 -Dsun.zip.disableMemoryMapping=true -Xmx512m -Xms100m 
java_command: /nix/store/a7s9klvriqi68xz3qjc0qyfl5h86xc16-jdt-language-server-1.9.0/share/java/plugins/org.eclipse.equinox.launcher_1.6.400.v20210924-0641.jar --add-modules=ALL-SYSTEM --add-opens java.base/java.util=ALL-UNNAMED --add-opens java.base/java.lang=ALL-UNNAMED -configuration /home/runner/projeler/.cache/jdt-language-server/config -data /home/runner/projeler/.cache/jdt-language-server/data/home/runner/projeler
java_class_path (initial): /nix/store/a7s9klvriqi68xz3qjc0qyfl5h86xc16-jdt-language-server-1.9.0/share/java/plugins/org.eclipse.equinox.launcher_1.6.400.v20210924-0641.jar
Launcher Type: SUN_STANDARD

[Global flags]
    uintx AdaptiveSizePolicyWeight                 = 90                                        {product} {command line}
     intx CICompilerCount                          = 2                                         {product} {ergonomic}
     bool EnableJVMCIProduct                       = true                                {JVMCI product} {jimage}
    uintx GCTimeRatio                              = 4                                         {product} {command line}
   size_t InitialHeapSize                          = 104857600                                 {product} {command line}
     uint JVMCIThreadsPerNativeLibraryRuntime      = 1                                   {JVMCI product} {jimage}
   size_t MaxHeapSize                              = 536870912                                 {product} {command line}
   size_t MaxNewSize                               = 178782208                                 {product} {ergonomic}
   size_t MinHeapDeltaBytes                        = 524288                                    {product} {ergonomic}
   size_t MinHeapSize                              = 104857600                                 {product} {command line}
   size_t NewSize                                  = 34603008                                  {product} {ergonomic}
    uintx NonNMethodCodeHeapSize                   = 5826188                                {pd product} {ergonomic}
    uintx NonProfiledCodeHeapSize                  = 122916026                              {pd product} {ergonomic}
   size_t OldSize                                  = 70254592                                  {product} {ergonomic}
    uintx ProfiledCodeHeapSize                     = 122916026                              {pd product} {ergonomic}
    uintx ReservedCodeCacheSize                    = 251658240                              {pd product} {ergonomic}
     bool SegmentedCodeCache                       = true                                      {product} {ergonomic}
   size_t SoftMaxHeapSize                          = 536870912                              {manageable} {ergonomic}
     intx ThreadPriorityPolicy                     = 1                                         {product} {jimage}
     bool UseCompressedClassPointers               = true                           {product lp64_product} {ergonomic}
     bool UseCompressedOops                        = true                           {product lp64_product} {ergonomic}
     bool UseParallelGC                            = true                                      {product} {command line}

Logging:
Log output configuration:
 #0: stdout all=warning uptime,level,tags
 #1: stderr all=off uptime,level,tags

Environment Variables:
JAVA_HOME=/nix/store/gpxl5qgg8kicmcvivwmybwjlpf7wh20l-graalvm17-ce-22.3.0
PATH=/nix/store/1d6ian3r8kdzspw8hacjhl3xkp40g1lj-binutils-wrapper-2.39/bin:/nix/store/dq0xwmsk1g0i2ayg6pb7y87na2knzylh-gcc-wrapper-11.3.0/bin:/nix/store/bap4d0lpcrhpwmpb8ayjcgkmvfj62lnq-bash-interactive-5.1-p16/bin:/nix/store/pr5n59mb4jzmfx6kanwxly0l07p861fg-patchelf-0.15.0/bin:/nix/store/1gf2flfqnpqbr1b4p4qz2f72y42bs56r-gcc-11.3.0/bin:/nix/store/57xv61c5zi8pphjbcwxxjlgc34p61ic9-glibc-2.35-163-bin/bin:/nix/store/a7gvj343m05j2s32xcnwr35v31ynlypr-coreutils-9.1/bin:/nix/store/039g378vc3pc3dvi9dzdlrd0i4q93qwf-binutils-2.39/bin:/nix/store/gpxl5qgg8kicmcvivwmybwjlpf7wh20l-graalvm17-ce-22.3.0/bin:/nix/store/6z9ag3ihc8mq2hzsw48lhbznvzny65nz-apache-maven-3.8.6/bin:/nix/store/a7s9klvriqi68xz3qjc0qyfl5h86xc16-jdt-language-server-1.9.0/bin:/nix/store/48ifl2w60a3zp7yskbpnvn8jp9jdsb7k-java-debug/bin:/nix/store/mydc6f4k2z73xlcz7ilif3v2lcaiqvza-findutils-4.9.0/bin:/nix/store/j9p3g8472iijd50vhdprx0nmk2fqn5gv-diffutils-3.8/bin:/nix/store/89zs7rms6x00xfq4dq6m7mjnhkr8a6r4-gnused-4.8/bin:/nix/store/86bp03jkmsl6f92w0yzg4s59g5mhxwmy-gnugrep-3.7/bin:/nix/store/hwcdqw4jrjnd37wxqgsd47hd0j8bnj09-gawk-5.1.1/bin:/nix/store/cfbhw8r8ags41vwqaz47r583d0p4h4a1-gnutar-1.34/bin:/nix/store/p3m1ndl1lapwrlh698bnb5lvvxh67378-gzip-1.12/bin:/nix/store/a8mhcagrsly7c7mpjrpsnaahk4aax056-bzip2-1.0.8-bin/bin:/nix/store/mblgz65m3zv9x548a3d5m96fj2pbwr09-gnumake-4.3/bin:/nix/store/dsd5gz46hdbdk2rfdimqddhq6m8m8fqs-bash-5.1-p16/bin:/nix/store/v7ljksji50mg3w61dykaa3n3y79n6nil-patch-2.7.6/bin:/nix/store/zlcnmqq14jz5x9439jf937mvayyl63da-xz-5.2.7-bin/bin:/nix/store/y6aj732zm9m87c82fpvf103a1xb22blp-file-5.43/bin:/nix/store/yq0vlv3d2f5si3ibawpq5ay2pc6knixp-nix-2.18.0pre20230808_c0e6466/bin:/nix/store/i4kzir3m7mrisxmf5xvlnkw01x4qaqr4-prybar-elisp-0.0.0-e0d9a52/bin:/nix/store/lwwivxf6h7x3cvxp9zv8sj0mv7dak99r-prybar-lua-0.0.0-e0d9a52/bin:/nix/store/gxj28g1cg4hq3qanmjv07156h800qr58-prybar-python3-0.0.0-e0d9a52/bin:/nix/store/hshkjnxrgidigf8x75vg6lqng2xlx9i3-prybar-sqlite-0.0.0-e0d9a52/bin:/nix/store/c4w01bpjgyy5ixmwdk8m1pw87zq4sl
LD_LIBRARY_PATH=/nix/store/a4pff549sk2idnkpzk5nsfps3mdkdnvm-cups-2.4.2-lib/lib:/nix/store/72mqxxhh3cy5yifh92wh2yb8cl2hikyy-cairo-1.16.0/lib:/nix/store/2k366jrbsra97gjfxwvrhvixjfxdach5-glib-2.74.1/lib:/nix/store/2j2znigd8ak37rlwh9khz0ry3clqlw1l-gtk+3-3.24.34/lib:/nix/store/hisqvx32cd57apbpcsnkpx6k3549wql1-libglvnd-1.4.0/lib:/nix/store/p36pgcv991mq5srvg765b78yqpxvk3qs-mesa-21.3.3-drivers/lib:/nix/store/mav4251if1ahjq5vkpwycyyvnmy459c4-pulseaudio-14.2/lib
DISPLAY=:0
LANG=en_US.UTF-8

Signal Handlers:
   SIGSEGV: crash_handler in libjvm.so, mask=11100100010111111101111111111110, flags=SA_RESTART|SA_SIGINFO
    SIGBUS: crash_handler in libjvm.so, mask=11100100010111111101111111111110, flags=SA_RESTART|SA_SIGINFO
    SIGFPE: crash_handler in libjvm.so, mask=11100100010111111101111111111110, flags=SA_RESTART|SA_SIGINFO
   SIGPIPE: IsolateEnterStub_IgnoreSIGPIPEStartupHook_noopSignalHandler_8f19bff2f35b5f630d83b364d6b2339320d4ec70_216e8361c6bc87a8f89f58cc10d3b2fd4415bf87 in libjvmcicompiler.so, mask=00000000000000000000000000000000, flags=SA_RESTART
  *** Handler was modified!
  *** Expected: javaSignalHandler in libjvm.so, mask=11100100110111111111111111111110, flags=SA_RESTART|SA_SIGINFO
   SIGXFSZ: javaSignalHandler in libjvm.so, mask=11100100010111111101111111111110, flags=SA_RESTART|SA_SIGINFO
    SIGILL: crash_handler in libjvm.so, mask=11100100010111111101111111111110, flags=SA_RESTART|SA_SIGINFO
   SIGUSR2: SR_handler in libjvm.so, mask=00000000000000000000000000000000, flags=SA_RESTART|SA_SIGINFO
    SIGHUP: UserHandler in libjvm.so, mask=11100100010111111101111111111110, flags=SA_RESTART|SA_SIGINFO
    SIGINT: UserHandler in libjvm.so, mask=11100100010111111101111111111110, flags=SA_RESTART|SA_SIGINFO
   SIGTERM: UserHandler in libjvm.so, mask=11100100010111111101111111111110, flags=SA_RESTART|SA_SIGINFO
   SIGQUIT: UserHandler in libjvm.so, mask=11100100010111111101111111111110, flags=SA_RESTART|SA_SIGINFO
  *** Handler was modified!
  *** Expected: javaSignalHandler in libjvm.so, mask=11100100110111111111111111111110, flags=SA_RESTART|SA_SIGINFO
   SIGTRAP: crash_handler in libjvm.so, mask=11100100010111111101111111111110, flags=SA_RESTART|SA_SIGINFO


---------------  S Y S T E M  ---------------

OS:
DISTRIB_ID=Ubuntu
DISTRIB_RELEASE=20.04
DISTRIB_CODENAME=focal
DISTRIB_DESCRIPTION="Ubuntu 20.04.2 LTS"
uname: Linux 6.2.0-1019-gcp #21~22.04.1-Ubuntu SMP Thu Nov 16 18:18:34 UTC 2023 x86_64
OS uptime: 0 days 2:06 hours
libc: glibc 2.35 NPTL 2.35 
rlimit (soft/hard): STACK 8192k/infinity , CORE infinity/infinity , NPROC infinity/infinity , NOFILE 5242/5242 , AS infinity/infinity , CPU infinity/infinity , DATA infinity/infinity , FSIZE infinity/infinity , MEMLOCK 8192k/8192k
load average: 13.91 17.79 16.97

/proc/meminfo:
MemTotal:       65835924 kB
MemFree:        39431656 kB
MemAvailable:   48792928 kB
Buffers:         1283732 kB
Cached:          7949104 kB
SwapCached:            0 kB
Active:          3776320 kB
Inactive:       21016840 kB
Active(anon):       5364 kB
Inactive(anon): 15429860 kB
Active(file):    3770956 kB
Inactive(file):  5586980 kB
Unevictable:       27972 kB
Mlocked:           27972 kB
SwapTotal:             0 kB
SwapFree:              0 kB
Zswap:                 0 kB
Zswapped:              0 kB
Dirty:              3916 kB
Writeback:           168 kB
AnonPages:      15470068 kB
Mapped:          1360260 kB
Shmem:             14848 kB
KReclaimable:     729788 kB
Slab:            1065644 kB
SReclaimable:     729788 kB
SUnreclaim:       335856 kB
KernelStack:       82704 kB
PageTables:       160232 kB
SecPageTables:         0 kB
NFS_Unstable:          0 kB
Bounce:                0 kB
WritebackTmp:          0 kB
CommitLimit:    32917960 kB
Committed_AS:   36124140 kB
VmallocTotal:   34359738367 kB
VmallocUsed:      105732 kB
VmallocChunk:          0 kB
Percpu:            24704 kB
HardwareCorrupted:     0 kB
AnonHugePages:   2185216 kB
ShmemHugePages:        0 kB
ShmemPmdMapped:        0 kB
FileHugePages:         0 kB
FilePmdMapped:         0 kB
HugePages_Total:       0
HugePages_Free:        0
HugePages_Rsvd:        0
HugePages_Surp:        0
Hugepagesize:       2048 kB
Hugetlb:               0 kB
DirectMap4k:      250680 kB
DirectMap2M:    18620416 kB
DirectMap1G:    50331648 kB

/sys/kernel/mm/transparent_hugepage/enabled: always [madvise] never
/sys/kernel/mm/transparent_hugepage/defrag (defrag/compaction efforts parameter): always defer defer+madvise [madvise] never

Process Memory:
Virtual Size: 4654932K (peak: 4742424K)
Resident Set Size: 771144K (peak: 806776K) (anon: 573284K, file: 197860K, shmem: 0K)
Swapped out: 0K
C-Heap outstanding allocations: 39276K, retained: 13223K
glibc malloc tunables: (default)

/proc/sys/kernel/threads-max (system-wide limit on the number of threads): 514277
/proc/sys/vm/max_map_count (maximum number of memory map areas a process may have): 65530
/proc/sys/kernel/pid_max (system-wide limit on number of process identifiers): 4194304

container (cgroup) information:
container_type: cgroupv2
cpu_cpuset_cpus: not supported
cpu_memory_nodes: not supported
active_processor_count: 1
cpu_quota: 50000
cpu_period: 100000
cpu_shares: no shares
memory_limit_in_bytes: 1048576 k
memory_and_swap_limit_in_bytes: unlimited
memory_soft_limit_in_bytes: 524288 k
memory_usage_in_bytes: 667576 k
memory_max_usage_in_bytes: not supported
maximum number of tasks: not supported
current number of tasks: not supported

KVM virtualization detected
Steal ticks since vm start: 2932
Steal ticks percentage since vm start:  0.003

CPU: total 8 (initial active 1) (4 cores per cpu, 2 threads per core) family 6 model 79 stepping 0 microcode 0xffffffff, cx8, cmov, fxsr, ht, mmx, 3dnowpref, sse, sse2, sse3, ssse3, sse4.1, sse4.2, popcnt, lzcnt, tsc, tscinvbit, avx, avx2, aes, erms, clmul, bmi1, bmi2, rtm, adx, fma, vzeroupper, clflush, hv
CPU Model and flags from /proc/cpuinfo:
model name	: Intel(R) Xeon(R) CPU @ 2.20GHz
flags		: fpu vme de pse tsc msr pae mce cx8 apic sep mtrr pge mca cmov pat pse36 clflush mmx fxsr sse sse2 ss ht syscall nx pdpe1gb rdtscp lm constant_tsc rep_good nopl xtopology nonstop_tsc cpuid tsc_known_freq pni pclmulqdq ssse3 fma cx16 pcid sse4_1 sse4_2 x2apic movbe popcnt aes xsave avx f16c rdrand hypervisor lahf_lm abm 3dnowprefetch invpcid_single pti ssbd ibrs ibpb stibp fsgsbase tsc_adjust bmi1 hle avx2 smep bmi2 erms invpcid rtm rdseed adx smap xsaveopt arat md_clear arch_capabilities

Online cpus: 0-7
Offline cpus: 
BIOS frequency limitation: <Not Available>
Frequency switch latency (ns): <Not Available>
Available cpu frequencies: <Not Available>
Current governor: <Not Available>
Core performance/turbo boost: <Not Available>

Memory: 4k page, physical 1048576k(380904k free), swap 0k(0k free)
Page Sizes: 4k

vm_info: OpenJDK 64-Bit Server VM (17.0.5+8-jvmci-22.3-b08) for linux-amd64 JRE (17.0.5+8-jvmci-22.3-b08), built on Oct 19 2022 09:01:27 by "buildslave" with gcc 10.3.0

END.
